<html>
<head>
<title>TestNG:  ArraySet</title>
<link href="../testng.css" rel="stylesheet" type="text/css" />
<link href="../my-testng.css" rel="stylesheet" type="text/css" />

<style type="text/css">
.log { display: none;} 
.stack-trace { display: none;} 
</style>
<script type="text/javascript">
<!--
function flip(e) {
  current = e.style.display;
  if (current == 'block') {
    e.style.display = 'none';
    return 0;
  }
  else {
    e.style.display = 'block';
    return 1;
  }
}

function toggleBox(szDivId, elem, msg1, msg2)
{
  var res = -1;  if (document.getElementById) {
    res = flip(document.getElementById(szDivId));
  }
  else if (document.all) {
    // this is the way old msie versions work
    res = flip(document.all[szDivId]);
  }
  if(elem) {
    if(res == 0) elem.innerHTML = msg1; else elem.innerHTML = msg2;
  }

}

function toggleAllBoxes() {
  if (document.getElementsByTagName) {
    d = document.getElementsByTagName('div');
    for (i = 0; i < d.length; i++) {
      if (d[i].className == 'log') {
        flip(d[i]);
      }
    }
  }
}

// -->
</script>

</head>
<body>
<h2 align='center'>ArraySet</h2><table border='1' align="center">
<tr>
<td>Tests passed/Failed/Skipped:</td><td>180/0/0</td>
</tr><tr>
<td>Started on:</td><td>Fri Sep 16 08:14:01 MDT 2016</td>
</tr>
<tr><td>Total time:</td><td>0 seconds (278 ms)</td>
</tr><tr>
<td>Included groups:</td><td></td>
</tr><tr>
<td>Excluded groups:</td><td></td>
</tr>
</table><p/>
<small><i>(Hover the method name to see the test class name)</i></small><p/>
<table width='100%' border='1' class='invocation-passed'>
<tr><td colspan='4' align='center'><b>PASSED TESTS</b></td></tr>
<tr><td><b>Test method</b></td>
<td width="30%"><b>Exception</b></td>
<td width="10%"><b>Time (seconds)</b></td>
<td><b>Instance</b></td>
</tr>
<tr>
<td title='TestSimpleSet_NewEmptySet.testAdd_A()'><b>testAdd_A</b><br>Test class: TestSimpleSet_NewEmptySet</td>
<td></td>
<td>0</td>
<td>TestSimpleSet_NewEmptySet@5dfcfece</td></tr>
<tr>
<td title='TestSimpleSet_Empty_addA_A.testAdd_A()'><b>testAdd_A</b><br>Test class: TestSimpleSet_Empty_addA_A</td>
<td></td>
<td>0</td>
<td>TestSimpleSet_Empty_addA_A@23ceabc1</td></tr>
<tr>
<td title='TestSimpleSet_A_removeA_Empty.testAdd_A()'><b>testAdd_A</b><br>Test class: TestSimpleSet_A_removeA_Empty</td>
<td></td>
<td>0</td>
<td>TestSimpleSet_A_removeA_Empty@5d5eef3d</td></tr>
<tr>
<td title='TestSimpleSet_A_addA_A.testAdd_A()'><b>testAdd_A</b><br>Test class: TestSimpleSet_A_addA_A</td>
<td></td>
<td>0</td>
<td>TestSimpleSet_A_addA_A@56f4468b</td></tr>
<tr>
<td title='TestSimpleSet_A_addB_AB.testAdd_A()'><b>testAdd_A</b><br>Test class: TestSimpleSet_A_addB_AB</td>
<td></td>
<td>0</td>
<td>TestSimpleSet_A_addB_AB@6cc4c815</td></tr>
<tr>
<td title='TestSimpleSet_AB_removeB_A.testAdd_A()'><b>testAdd_A</b><br>Test class: TestSimpleSet_AB_removeB_A</td>
<td></td>
<td>0</td>
<td>TestSimpleSet_AB_removeB_A@100fc185</td></tr>
<tr>
<td title='TestSimpleSet_AB_addA_AB.testAdd_A()'><b>testAdd_A</b><br>Test class: TestSimpleSet_AB_addA_AB</td>
<td></td>
<td>0</td>
<td>TestSimpleSet_AB_addA_AB@643b1d11</td></tr>
<tr>
<td title='TestSimpleSet_AB_addB_AB.testAdd_A()'><b>testAdd_A</b><br>Test class: TestSimpleSet_AB_addB_AB</td>
<td></td>
<td>0</td>
<td>TestSimpleSet_AB_addB_AB@2ef5e5e3</td></tr>
<tr>
<td title='TestSimpleSet_AB_addC_ABC.testAdd_A()'><b>testAdd_A</b><br>Test class: TestSimpleSet_AB_addC_ABC</td>
<td></td>
<td>0</td>
<td>TestSimpleSet_AB_addC_ABC@36d4b5c</td></tr>
<tr>
<td title='TestSimpleSet_ABC_removeB_AC.testAdd_A()'><b>testAdd_A</b><br>Test class: TestSimpleSet_ABC_removeB_AC</td>
<td></td>
<td>0</td>
<td>TestSimpleSet_ABC_removeB_AC@51efea79</td></tr>
<tr>
<td title='TestSimpleSet_ABC_removeC_AB.testAdd_A()'><b>testAdd_A</b><br>Test class: TestSimpleSet_ABC_removeC_AB</td>
<td></td>
<td>0</td>
<td>TestSimpleSet_ABC_removeC_AB@5034c75a</td></tr>
<tr>
<td title='TestSimpleSet_ABC_addA_ABC.testAdd_A()'><b>testAdd_A</b><br>Test class: TestSimpleSet_ABC_addA_ABC</td>
<td></td>
<td>0</td>
<td>TestSimpleSet_ABC_addA_ABC@396a51ab</td></tr>
<tr>
<td title='TestSimpleSet_ABC_addB_ABC.testAdd_A()'><b>testAdd_A</b><br>Test class: TestSimpleSet_ABC_addB_ABC</td>
<td></td>
<td>0</td>
<td>TestSimpleSet_ABC_addB_ABC@51081592</td></tr>
<tr>
<td title='TestSimpleSet_ABC_addC_ABC.testAdd_A()'><b>testAdd_A</b><br>Test class: TestSimpleSet_ABC_addC_ABC</td>
<td></td>
<td>0</td>
<td>TestSimpleSet_ABC_addC_ABC@7f9a81e8</td></tr>
<tr>
<td title='TestSimpleSet_Empty_addA_A.testAdd_B()'><b>testAdd_B</b><br>Test class: TestSimpleSet_Empty_addA_A</td>
<td></td>
<td>0</td>
<td>TestSimpleSet_Empty_addA_A@23ceabc1</td></tr>
<tr>
<td title='TestSimpleSet_A_addA_A.testAdd_B()'><b>testAdd_B</b><br>Test class: TestSimpleSet_A_addA_A</td>
<td></td>
<td>0</td>
<td>TestSimpleSet_A_addA_A@56f4468b</td></tr>
<tr>
<td title='TestSimpleSet_A_addB_AB.testAdd_B()'><b>testAdd_B</b><br>Test class: TestSimpleSet_A_addB_AB</td>
<td></td>
<td>0</td>
<td>TestSimpleSet_A_addB_AB@6cc4c815</td></tr>
<tr>
<td title='TestSimpleSet_AB_removeA_B.testAdd_B()'><b>testAdd_B</b><br>Test class: TestSimpleSet_AB_removeA_B</td>
<td></td>
<td>0</td>
<td>TestSimpleSet_AB_removeA_B@3a82f6ef</td></tr>
<tr>
<td title='TestSimpleSet_AB_removeB_A.testAdd_B()'><b>testAdd_B</b><br>Test class: TestSimpleSet_AB_removeB_A</td>
<td></td>
<td>0</td>
<td>TestSimpleSet_AB_removeB_A@100fc185</td></tr>
<tr>
<td title='TestSimpleSet_AB_addA_AB.testAdd_B()'><b>testAdd_B</b><br>Test class: TestSimpleSet_AB_addA_AB</td>
<td></td>
<td>0</td>
<td>TestSimpleSet_AB_addA_AB@643b1d11</td></tr>
<tr>
<td title='TestSimpleSet_AB_addB_AB.testAdd_B()'><b>testAdd_B</b><br>Test class: TestSimpleSet_AB_addB_AB</td>
<td></td>
<td>0</td>
<td>TestSimpleSet_AB_addB_AB@2ef5e5e3</td></tr>
<tr>
<td title='TestSimpleSet_AB_addC_ABC.testAdd_B()'><b>testAdd_B</b><br>Test class: TestSimpleSet_AB_addC_ABC</td>
<td></td>
<td>0</td>
<td>TestSimpleSet_AB_addC_ABC@36d4b5c</td></tr>
<tr>
<td title='TestSimpleSet_ABC_removeA_BC.testAdd_B()'><b>testAdd_B</b><br>Test class: TestSimpleSet_ABC_removeA_BC</td>
<td></td>
<td>0</td>
<td>TestSimpleSet_ABC_removeA_BC@6d00a15d</td></tr>
<tr>
<td title='TestSimpleSet_ABC_removeC_AB.testAdd_B()'><b>testAdd_B</b><br>Test class: TestSimpleSet_ABC_removeC_AB</td>
<td></td>
<td>0</td>
<td>TestSimpleSet_ABC_removeC_AB@5034c75a</td></tr>
<tr>
<td title='TestSimpleSet_ABC_addA_ABC.testAdd_B()'><b>testAdd_B</b><br>Test class: TestSimpleSet_ABC_addA_ABC</td>
<td></td>
<td>0</td>
<td>TestSimpleSet_ABC_addA_ABC@396a51ab</td></tr>
<tr>
<td title='TestSimpleSet_ABC_addB_ABC.testAdd_B()'><b>testAdd_B</b><br>Test class: TestSimpleSet_ABC_addB_ABC</td>
<td></td>
<td>0</td>
<td>TestSimpleSet_ABC_addB_ABC@51081592</td></tr>
<tr>
<td title='TestSimpleSet_ABC_addC_ABC.testAdd_B()'><b>testAdd_B</b><br>Test class: TestSimpleSet_ABC_addC_ABC</td>
<td></td>
<td>0</td>
<td>TestSimpleSet_ABC_addC_ABC@7f9a81e8</td></tr>
<tr>
<td title='TestSimpleSet_A_addB_AB.testAdd_C()'><b>testAdd_C</b><br>Test class: TestSimpleSet_A_addB_AB</td>
<td></td>
<td>0</td>
<td>TestSimpleSet_A_addB_AB@6cc4c815</td></tr>
<tr>
<td title='TestSimpleSet_AB_removeA_B.testAdd_C()'><b>testAdd_C</b><br>Test class: TestSimpleSet_AB_removeA_B</td>
<td></td>
<td>0</td>
<td>TestSimpleSet_AB_removeA_B@3a82f6ef</td></tr>
<tr>
<td title='TestSimpleSet_AB_addA_AB.testAdd_C()'><b>testAdd_C</b><br>Test class: TestSimpleSet_AB_addA_AB</td>
<td></td>
<td>0</td>
<td>TestSimpleSet_AB_addA_AB@643b1d11</td></tr>
<tr>
<td title='TestSimpleSet_AB_addB_AB.testAdd_C()'><b>testAdd_C</b><br>Test class: TestSimpleSet_AB_addB_AB</td>
<td></td>
<td>0</td>
<td>TestSimpleSet_AB_addB_AB@2ef5e5e3</td></tr>
<tr>
<td title='TestSimpleSet_AB_addC_ABC.testAdd_C()'><b>testAdd_C</b><br>Test class: TestSimpleSet_AB_addC_ABC</td>
<td></td>
<td>0</td>
<td>TestSimpleSet_AB_addC_ABC@36d4b5c</td></tr>
<tr>
<td title='TestSimpleSet_ABC_removeA_BC.testAdd_C()'><b>testAdd_C</b><br>Test class: TestSimpleSet_ABC_removeA_BC</td>
<td></td>
<td>0</td>
<td>TestSimpleSet_ABC_removeA_BC@6d00a15d</td></tr>
<tr>
<td title='TestSimpleSet_ABC_removeB_AC.testAdd_C()'><b>testAdd_C</b><br>Test class: TestSimpleSet_ABC_removeB_AC</td>
<td></td>
<td>0</td>
<td>TestSimpleSet_ABC_removeB_AC@51efea79</td></tr>
<tr>
<td title='TestSimpleSet_ABC_removeC_AB.testAdd_C()'><b>testAdd_C</b><br>Test class: TestSimpleSet_ABC_removeC_AB</td>
<td></td>
<td>0</td>
<td>TestSimpleSet_ABC_removeC_AB@5034c75a</td></tr>
<tr>
<td title='TestSimpleSet_ABC_addA_ABC.testAdd_C()'><b>testAdd_C</b><br>Test class: TestSimpleSet_ABC_addA_ABC</td>
<td></td>
<td>0</td>
<td>TestSimpleSet_ABC_addA_ABC@396a51ab</td></tr>
<tr>
<td title='TestSimpleSet_ABC_addB_ABC.testAdd_C()'><b>testAdd_C</b><br>Test class: TestSimpleSet_ABC_addB_ABC</td>
<td></td>
<td>0</td>
<td>TestSimpleSet_ABC_addB_ABC@51081592</td></tr>
<tr>
<td title='TestSimpleSet_ABC_addC_ABC.testAdd_C()'><b>testAdd_C</b><br>Test class: TestSimpleSet_ABC_addC_ABC</td>
<td></td>
<td>0</td>
<td>TestSimpleSet_ABC_addC_ABC@7f9a81e8</td></tr>
<tr>
<td title='TestSimpleSet_AB_addC_ABC.testAdd_D()'><b>testAdd_D</b><br>Test class: TestSimpleSet_AB_addC_ABC</td>
<td></td>
<td>0</td>
<td>TestSimpleSet_AB_addC_ABC@36d4b5c</td></tr>
<tr>
<td title='TestSimpleSet_ABC_removeA_BC.testAdd_D()'><b>testAdd_D</b><br>Test class: TestSimpleSet_ABC_removeA_BC</td>
<td></td>
<td>0</td>
<td>TestSimpleSet_ABC_removeA_BC@6d00a15d</td></tr>
<tr>
<td title='TestSimpleSet_ABC_removeB_AC.testAdd_D()'><b>testAdd_D</b><br>Test class: TestSimpleSet_ABC_removeB_AC</td>
<td></td>
<td>0</td>
<td>TestSimpleSet_ABC_removeB_AC@51efea79</td></tr>
<tr>
<td title='TestSimpleSet_ABC_addA_ABC.testAdd_D()'><b>testAdd_D</b><br>Test class: TestSimpleSet_ABC_addA_ABC</td>
<td></td>
<td>0</td>
<td>TestSimpleSet_ABC_addA_ABC@396a51ab</td></tr>
<tr>
<td title='TestSimpleSet_ABC_addB_ABC.testAdd_D()'><b>testAdd_D</b><br>Test class: TestSimpleSet_ABC_addB_ABC</td>
<td></td>
<td>0</td>
<td>TestSimpleSet_ABC_addB_ABC@51081592</td></tr>
<tr>
<td title='TestSimpleSet_ABC_addC_ABC.testAdd_D()'><b>testAdd_D</b><br>Test class: TestSimpleSet_ABC_addC_ABC</td>
<td></td>
<td>0</td>
<td>TestSimpleSet_ABC_addC_ABC@7f9a81e8</td></tr>
<tr>
<td title='TestSimpleSet_NewEmptySet.testContains_A()'><b>testContains_A</b><br>Test class: TestSimpleSet_NewEmptySet</td>
<td></td>
<td>0</td>
<td>TestSimpleSet_NewEmptySet@5dfcfece</td></tr>
<tr>
<td title='TestSimpleSet_Empty_addA_A.testContains_A()'><b>testContains_A</b><br>Test class: TestSimpleSet_Empty_addA_A</td>
<td></td>
<td>0</td>
<td>TestSimpleSet_Empty_addA_A@23ceabc1</td></tr>
<tr>
<td title='TestSimpleSet_A_removeA_Empty.testContains_A()'><b>testContains_A</b><br>Test class: TestSimpleSet_A_removeA_Empty</td>
<td></td>
<td>0</td>
<td>TestSimpleSet_A_removeA_Empty@5d5eef3d</td></tr>
<tr>
<td title='TestSimpleSet_A_addA_A.testContains_A()'><b>testContains_A</b><br>Test class: TestSimpleSet_A_addA_A</td>
<td></td>
<td>0</td>
<td>TestSimpleSet_A_addA_A@56f4468b</td></tr>
<tr>
<td title='TestSimpleSet_A_addB_AB.testContains_A()'><b>testContains_A</b><br>Test class: TestSimpleSet_A_addB_AB</td>
<td></td>
<td>0</td>
<td>TestSimpleSet_A_addB_AB@6cc4c815</td></tr>
<tr>
<td title='TestSimpleSet_AB_removeA_B.testContains_A()'><b>testContains_A</b><br>Test class: TestSimpleSet_AB_removeA_B</td>
<td></td>
<td>0</td>
<td>TestSimpleSet_AB_removeA_B@3a82f6ef</td></tr>
<tr>
<td title='TestSimpleSet_AB_removeB_A.testContains_A()'><b>testContains_A</b><br>Test class: TestSimpleSet_AB_removeB_A</td>
<td></td>
<td>0</td>
<td>TestSimpleSet_AB_removeB_A@100fc185</td></tr>
<tr>
<td title='TestSimpleSet_AB_addA_AB.testContains_A()'><b>testContains_A</b><br>Test class: TestSimpleSet_AB_addA_AB</td>
<td></td>
<td>0</td>
<td>TestSimpleSet_AB_addA_AB@643b1d11</td></tr>
<tr>
<td title='TestSimpleSet_AB_addB_AB.testContains_A()'><b>testContains_A</b><br>Test class: TestSimpleSet_AB_addB_AB</td>
<td></td>
<td>0</td>
<td>TestSimpleSet_AB_addB_AB@2ef5e5e3</td></tr>
<tr>
<td title='TestSimpleSet_AB_addC_ABC.testContains_A()'><b>testContains_A</b><br>Test class: TestSimpleSet_AB_addC_ABC</td>
<td></td>
<td>0</td>
<td>TestSimpleSet_AB_addC_ABC@36d4b5c</td></tr>
<tr>
<td title='TestSimpleSet_ABC_removeA_BC.testContains_A()'><b>testContains_A</b><br>Test class: TestSimpleSet_ABC_removeA_BC</td>
<td></td>
<td>0</td>
<td>TestSimpleSet_ABC_removeA_BC@6d00a15d</td></tr>
<tr>
<td title='TestSimpleSet_ABC_removeB_AC.testContains_A()'><b>testContains_A</b><br>Test class: TestSimpleSet_ABC_removeB_AC</td>
<td></td>
<td>0</td>
<td>TestSimpleSet_ABC_removeB_AC@51efea79</td></tr>
<tr>
<td title='TestSimpleSet_ABC_removeC_AB.testContains_A()'><b>testContains_A</b><br>Test class: TestSimpleSet_ABC_removeC_AB</td>
<td></td>
<td>0</td>
<td>TestSimpleSet_ABC_removeC_AB@5034c75a</td></tr>
<tr>
<td title='TestSimpleSet_ABC_addA_ABC.testContains_A()'><b>testContains_A</b><br>Test class: TestSimpleSet_ABC_addA_ABC</td>
<td></td>
<td>0</td>
<td>TestSimpleSet_ABC_addA_ABC@396a51ab</td></tr>
<tr>
<td title='TestSimpleSet_ABC_addB_ABC.testContains_A()'><b>testContains_A</b><br>Test class: TestSimpleSet_ABC_addB_ABC</td>
<td></td>
<td>0</td>
<td>TestSimpleSet_ABC_addB_ABC@51081592</td></tr>
<tr>
<td title='TestSimpleSet_ABC_addC_ABC.testContains_A()'><b>testContains_A</b><br>Test class: TestSimpleSet_ABC_addC_ABC</td>
<td></td>
<td>0</td>
<td>TestSimpleSet_ABC_addC_ABC@7f9a81e8</td></tr>
<tr>
<td title='TestSimpleSet_Empty_addA_A.testContains_B()'><b>testContains_B</b><br>Test class: TestSimpleSet_Empty_addA_A</td>
<td></td>
<td>0</td>
<td>TestSimpleSet_Empty_addA_A@23ceabc1</td></tr>
<tr>
<td title='TestSimpleSet_A_addA_A.testContains_B()'><b>testContains_B</b><br>Test class: TestSimpleSet_A_addA_A</td>
<td></td>
<td>0</td>
<td>TestSimpleSet_A_addA_A@56f4468b</td></tr>
<tr>
<td title='TestSimpleSet_A_addB_AB.testContains_B()'><b>testContains_B</b><br>Test class: TestSimpleSet_A_addB_AB</td>
<td></td>
<td>0</td>
<td>TestSimpleSet_A_addB_AB@6cc4c815</td></tr>
<tr>
<td title='TestSimpleSet_AB_removeA_B.testContains_B()'><b>testContains_B</b><br>Test class: TestSimpleSet_AB_removeA_B</td>
<td></td>
<td>0</td>
<td>TestSimpleSet_AB_removeA_B@3a82f6ef</td></tr>
<tr>
<td title='TestSimpleSet_AB_removeB_A.testContains_B()'><b>testContains_B</b><br>Test class: TestSimpleSet_AB_removeB_A</td>
<td></td>
<td>0</td>
<td>TestSimpleSet_AB_removeB_A@100fc185</td></tr>
<tr>
<td title='TestSimpleSet_AB_addA_AB.testContains_B()'><b>testContains_B</b><br>Test class: TestSimpleSet_AB_addA_AB</td>
<td></td>
<td>0</td>
<td>TestSimpleSet_AB_addA_AB@643b1d11</td></tr>
<tr>
<td title='TestSimpleSet_AB_addB_AB.testContains_B()'><b>testContains_B</b><br>Test class: TestSimpleSet_AB_addB_AB</td>
<td></td>
<td>0</td>
<td>TestSimpleSet_AB_addB_AB@2ef5e5e3</td></tr>
<tr>
<td title='TestSimpleSet_AB_addC_ABC.testContains_B()'><b>testContains_B</b><br>Test class: TestSimpleSet_AB_addC_ABC</td>
<td></td>
<td>0</td>
<td>TestSimpleSet_AB_addC_ABC@36d4b5c</td></tr>
<tr>
<td title='TestSimpleSet_ABC_removeA_BC.testContains_B()'><b>testContains_B</b><br>Test class: TestSimpleSet_ABC_removeA_BC</td>
<td></td>
<td>0</td>
<td>TestSimpleSet_ABC_removeA_BC@6d00a15d</td></tr>
<tr>
<td title='TestSimpleSet_ABC_removeB_AC.testContains_B()'><b>testContains_B</b><br>Test class: TestSimpleSet_ABC_removeB_AC</td>
<td></td>
<td>0</td>
<td>TestSimpleSet_ABC_removeB_AC@51efea79</td></tr>
<tr>
<td title='TestSimpleSet_ABC_removeC_AB.testContains_B()'><b>testContains_B</b><br>Test class: TestSimpleSet_ABC_removeC_AB</td>
<td></td>
<td>0</td>
<td>TestSimpleSet_ABC_removeC_AB@5034c75a</td></tr>
<tr>
<td title='TestSimpleSet_ABC_addA_ABC.testContains_B()'><b>testContains_B</b><br>Test class: TestSimpleSet_ABC_addA_ABC</td>
<td></td>
<td>0</td>
<td>TestSimpleSet_ABC_addA_ABC@396a51ab</td></tr>
<tr>
<td title='TestSimpleSet_ABC_addB_ABC.testContains_B()'><b>testContains_B</b><br>Test class: TestSimpleSet_ABC_addB_ABC</td>
<td></td>
<td>0</td>
<td>TestSimpleSet_ABC_addB_ABC@51081592</td></tr>
<tr>
<td title='TestSimpleSet_ABC_addC_ABC.testContains_B()'><b>testContains_B</b><br>Test class: TestSimpleSet_ABC_addC_ABC</td>
<td></td>
<td>0</td>
<td>TestSimpleSet_ABC_addC_ABC@7f9a81e8</td></tr>
<tr>
<td title='TestSimpleSet_A_addB_AB.testContains_C()'><b>testContains_C</b><br>Test class: TestSimpleSet_A_addB_AB</td>
<td></td>
<td>0</td>
<td>TestSimpleSet_A_addB_AB@6cc4c815</td></tr>
<tr>
<td title='TestSimpleSet_AB_addA_AB.testContains_C()'><b>testContains_C</b><br>Test class: TestSimpleSet_AB_addA_AB</td>
<td></td>
<td>0</td>
<td>TestSimpleSet_AB_addA_AB@643b1d11</td></tr>
<tr>
<td title='TestSimpleSet_AB_addB_AB.testContains_C()'><b>testContains_C</b><br>Test class: TestSimpleSet_AB_addB_AB</td>
<td></td>
<td>0</td>
<td>TestSimpleSet_AB_addB_AB@2ef5e5e3</td></tr>
<tr>
<td title='TestSimpleSet_AB_addC_ABC.testContains_C()'><b>testContains_C</b><br>Test class: TestSimpleSet_AB_addC_ABC</td>
<td></td>
<td>0</td>
<td>TestSimpleSet_AB_addC_ABC@36d4b5c</td></tr>
<tr>
<td title='TestSimpleSet_ABC_removeA_BC.testContains_C()'><b>testContains_C</b><br>Test class: TestSimpleSet_ABC_removeA_BC</td>
<td></td>
<td>0</td>
<td>TestSimpleSet_ABC_removeA_BC@6d00a15d</td></tr>
<tr>
<td title='TestSimpleSet_ABC_removeB_AC.testContains_C()'><b>testContains_C</b><br>Test class: TestSimpleSet_ABC_removeB_AC</td>
<td></td>
<td>0</td>
<td>TestSimpleSet_ABC_removeB_AC@51efea79</td></tr>
<tr>
<td title='TestSimpleSet_ABC_removeC_AB.testContains_C()'><b>testContains_C</b><br>Test class: TestSimpleSet_ABC_removeC_AB</td>
<td></td>
<td>0</td>
<td>TestSimpleSet_ABC_removeC_AB@5034c75a</td></tr>
<tr>
<td title='TestSimpleSet_ABC_addA_ABC.testContains_C()'><b>testContains_C</b><br>Test class: TestSimpleSet_ABC_addA_ABC</td>
<td></td>
<td>0</td>
<td>TestSimpleSet_ABC_addA_ABC@396a51ab</td></tr>
<tr>
<td title='TestSimpleSet_ABC_addB_ABC.testContains_C()'><b>testContains_C</b><br>Test class: TestSimpleSet_ABC_addB_ABC</td>
<td></td>
<td>0</td>
<td>TestSimpleSet_ABC_addB_ABC@51081592</td></tr>
<tr>
<td title='TestSimpleSet_ABC_addC_ABC.testContains_C()'><b>testContains_C</b><br>Test class: TestSimpleSet_ABC_addC_ABC</td>
<td></td>
<td>0</td>
<td>TestSimpleSet_ABC_addC_ABC@7f9a81e8</td></tr>
<tr>
<td title='TestSimpleSet_AB_addC_ABC.testContains_D()'><b>testContains_D</b><br>Test class: TestSimpleSet_AB_addC_ABC</td>
<td></td>
<td>0</td>
<td>TestSimpleSet_AB_addC_ABC@36d4b5c</td></tr>
<tr>
<td title='TestSimpleSet_ABC_addA_ABC.testContains_D()'><b>testContains_D</b><br>Test class: TestSimpleSet_ABC_addA_ABC</td>
<td></td>
<td>0</td>
<td>TestSimpleSet_ABC_addA_ABC@396a51ab</td></tr>
<tr>
<td title='TestSimpleSet_ABC_addB_ABC.testContains_D()'><b>testContains_D</b><br>Test class: TestSimpleSet_ABC_addB_ABC</td>
<td></td>
<td>0</td>
<td>TestSimpleSet_ABC_addB_ABC@51081592</td></tr>
<tr>
<td title='TestSimpleSet_ABC_addC_ABC.testContains_D()'><b>testContains_D</b><br>Test class: TestSimpleSet_ABC_addC_ABC</td>
<td></td>
<td>0</td>
<td>TestSimpleSet_ABC_addC_ABC@7f9a81e8</td></tr>
<tr>
<td title='TestSimpleSet_NewEmptySet.testIsEmpty()'><b>testIsEmpty</b><br>Test class: TestSimpleSet_NewEmptySet</td>
<td></td>
<td>0</td>
<td>TestSimpleSet_NewEmptySet@5dfcfece</td></tr>
<tr>
<td title='TestSimpleSet_Empty_addA_A.testIsEmpty()'><b>testIsEmpty</b><br>Test class: TestSimpleSet_Empty_addA_A</td>
<td></td>
<td>0</td>
<td>TestSimpleSet_Empty_addA_A@23ceabc1</td></tr>
<tr>
<td title='TestSimpleSet_A_removeA_Empty.testIsEmpty()'><b>testIsEmpty</b><br>Test class: TestSimpleSet_A_removeA_Empty</td>
<td></td>
<td>0</td>
<td>TestSimpleSet_A_removeA_Empty@5d5eef3d</td></tr>
<tr>
<td title='TestSimpleSet_A_addA_A.testIsEmpty()'><b>testIsEmpty</b><br>Test class: TestSimpleSet_A_addA_A</td>
<td></td>
<td>0</td>
<td>TestSimpleSet_A_addA_A@56f4468b</td></tr>
<tr>
<td title='TestSimpleSet_A_addB_AB.testIsEmpty()'><b>testIsEmpty</b><br>Test class: TestSimpleSet_A_addB_AB</td>
<td></td>
<td>0</td>
<td>TestSimpleSet_A_addB_AB@6cc4c815</td></tr>
<tr>
<td title='TestSimpleSet_AB_removeA_B.testIsEmpty()'><b>testIsEmpty</b><br>Test class: TestSimpleSet_AB_removeA_B</td>
<td></td>
<td>0</td>
<td>TestSimpleSet_AB_removeA_B@3a82f6ef</td></tr>
<tr>
<td title='TestSimpleSet_AB_removeB_A.testIsEmpty()'><b>testIsEmpty</b><br>Test class: TestSimpleSet_AB_removeB_A</td>
<td></td>
<td>0</td>
<td>TestSimpleSet_AB_removeB_A@100fc185</td></tr>
<tr>
<td title='TestSimpleSet_AB_addA_AB.testIsEmpty()'><b>testIsEmpty</b><br>Test class: TestSimpleSet_AB_addA_AB</td>
<td></td>
<td>0</td>
<td>TestSimpleSet_AB_addA_AB@643b1d11</td></tr>
<tr>
<td title='TestSimpleSet_AB_addB_AB.testIsEmpty()'><b>testIsEmpty</b><br>Test class: TestSimpleSet_AB_addB_AB</td>
<td></td>
<td>0</td>
<td>TestSimpleSet_AB_addB_AB@2ef5e5e3</td></tr>
<tr>
<td title='TestSimpleSet_AB_addC_ABC.testIsEmpty()'><b>testIsEmpty</b><br>Test class: TestSimpleSet_AB_addC_ABC</td>
<td></td>
<td>0</td>
<td>TestSimpleSet_AB_addC_ABC@36d4b5c</td></tr>
<tr>
<td title='TestSimpleSet_ABC_removeA_BC.testIsEmpty()'><b>testIsEmpty</b><br>Test class: TestSimpleSet_ABC_removeA_BC</td>
<td></td>
<td>0</td>
<td>TestSimpleSet_ABC_removeA_BC@6d00a15d</td></tr>
<tr>
<td title='TestSimpleSet_ABC_removeB_AC.testIsEmpty()'><b>testIsEmpty</b><br>Test class: TestSimpleSet_ABC_removeB_AC</td>
<td></td>
<td>0</td>
<td>TestSimpleSet_ABC_removeB_AC@51efea79</td></tr>
<tr>
<td title='TestSimpleSet_ABC_removeC_AB.testIsEmpty()'><b>testIsEmpty</b><br>Test class: TestSimpleSet_ABC_removeC_AB</td>
<td></td>
<td>0</td>
<td>TestSimpleSet_ABC_removeC_AB@5034c75a</td></tr>
<tr>
<td title='TestSimpleSet_ABC_addA_ABC.testIsEmpty()'><b>testIsEmpty</b><br>Test class: TestSimpleSet_ABC_addA_ABC</td>
<td></td>
<td>0</td>
<td>TestSimpleSet_ABC_addA_ABC@396a51ab</td></tr>
<tr>
<td title='TestSimpleSet_ABC_addB_ABC.testIsEmpty()'><b>testIsEmpty</b><br>Test class: TestSimpleSet_ABC_addB_ABC</td>
<td></td>
<td>0</td>
<td>TestSimpleSet_ABC_addB_ABC@51081592</td></tr>
<tr>
<td title='TestSimpleSet_ABC_addC_ABC.testIsEmpty()'><b>testIsEmpty</b><br>Test class: TestSimpleSet_ABC_addC_ABC</td>
<td></td>
<td>0</td>
<td>TestSimpleSet_ABC_addC_ABC@7f9a81e8</td></tr>
<tr>
<td title='TestSimpleSet_NewEmptySet.testRemove_A()'><b>testRemove_A</b><br>Test class: TestSimpleSet_NewEmptySet</td>
<td><div><pre>java.util.NoSuchElementException: ArraySet
	at ArraySet.remove(ArraySet.java:88)
	at SetTestCase.remove(SetTestCase.java:35)
	at TestSimpleSet_NewEmptySet.testRemove_A(TestSimpleSet_NewEmptySet.java:87)
... Removed 25 stack frames</pre></div><a href='#' onClick='toggleBox("stack-trace2114650936", this, "Click to show all stack frames", "Click to hide stack frames")'>Click to show all stack frames</a>
<div class='stack-trace' id='stack-trace2114650936'><pre>java.util.NoSuchElementException: ArraySet
	at ArraySet.remove(ArraySet.java:88)
	at SetTestCase.remove(SetTestCase.java:35)
	at TestSimpleSet_NewEmptySet.testRemove_A(TestSimpleSet_NewEmptySet.java:87)
	at sun.reflect.NativeMethodAccessorImpl.invoke0(Native Method)
	at sun.reflect.NativeMethodAccessorImpl.invoke(NativeMethodAccessorImpl.java:62)
	at sun.reflect.DelegatingMethodAccessorImpl.invoke(DelegatingMethodAccessorImpl.java:43)
	at java.lang.reflect.Method.invoke(Method.java:497)
	at org.testng.internal.MethodInvocationHelper.invokeMethod(MethodInvocationHelper.java:100)
	at org.testng.internal.Invoker.invokeMethod(Invoker.java:646)
	at org.testng.internal.Invoker.invokeTestMethod(Invoker.java:811)
	at org.testng.internal.Invoker.invokeTestMethods(Invoker.java:1129)
	at org.testng.internal.TestMethodWorker.invokeTestMethods(TestMethodWorker.java:129)
	at org.testng.internal.TestMethodWorker.run(TestMethodWorker.java:112)
	at org.testng.TestRunner.privateRun(TestRunner.java:746)
	at org.testng.TestRunner.run(TestRunner.java:600)
	at org.testng.SuiteRunner.runTest(SuiteRunner.java:366)
	at org.testng.SuiteRunner.runSequentially(SuiteRunner.java:361)
	at org.testng.SuiteRunner.privateRun(SuiteRunner.java:319)
	at org.testng.SuiteRunner.run(SuiteRunner.java:268)
	at org.testng.SuiteRunnerWorker.runSuite(SuiteRunnerWorker.java:52)
	at org.testng.SuiteRunnerWorker.run(SuiteRunnerWorker.java:86)
	at org.testng.TestNG.runSuitesSequentially(TestNG.java:1264)
	at org.testng.TestNG.runSuitesLocally(TestNG.java:1189)
	at org.testng.TestNG.runSuites(TestNG.java:1104)
	at org.testng.TestNG.run(TestNG.java:1076)
	at org.testng.remote.AbstractRemoteTestNG.run(AbstractRemoteTestNG.java:126)
	at org.testng.remote.RemoteTestNG.initAndRun(RemoteTestNG.java:152)
	at org.testng.remote.RemoteTestNG.main(RemoteTestNG.java:57)
</pre></div></td>
<td>0</td>
<td>TestSimpleSet_NewEmptySet@5dfcfece</td></tr>
<tr>
<td title='TestSimpleSet_Empty_addA_A.testRemove_A()'><b>testRemove_A</b><br>Test class: TestSimpleSet_Empty_addA_A</td>
<td></td>
<td>0</td>
<td>TestSimpleSet_Empty_addA_A@23ceabc1</td></tr>
<tr>
<td title='TestSimpleSet_A_removeA_Empty.testRemove_A()'><b>testRemove_A</b><br>Test class: TestSimpleSet_A_removeA_Empty</td>
<td><div><pre>java.util.NoSuchElementException: ArraySet
	at ArraySet.remove(ArraySet.java:88)
	at SetTestCase.remove(SetTestCase.java:35)
	at TestSimpleSet_A_removeA_Empty.testRemove_A(TestSimpleSet_A_removeA_Empty.java:90)
... Removed 25 stack frames</pre></div><a href='#' onClick='toggleBox("stack-trace1698097425", this, "Click to show all stack frames", "Click to hide stack frames")'>Click to show all stack frames</a>
<div class='stack-trace' id='stack-trace1698097425'><pre>java.util.NoSuchElementException: ArraySet
	at ArraySet.remove(ArraySet.java:88)
	at SetTestCase.remove(SetTestCase.java:35)
	at TestSimpleSet_A_removeA_Empty.testRemove_A(TestSimpleSet_A_removeA_Empty.java:90)
	at sun.reflect.NativeMethodAccessorImpl.invoke0(Native Method)
	at sun.reflect.NativeMethodAccessorImpl.invoke(NativeMethodAccessorImpl.java:62)
	at sun.reflect.DelegatingMethodAccessorImpl.invoke(DelegatingMethodAccessorImpl.java:43)
	at java.lang.reflect.Method.invoke(Method.java:497)
	at org.testng.internal.MethodInvocationHelper.invokeMethod(MethodInvocationHelper.java:100)
	at org.testng.internal.Invoker.invokeMethod(Invoker.java:646)
	at org.testng.internal.Invoker.invokeTestMethod(Invoker.java:811)
	at org.testng.internal.Invoker.invokeTestMethods(Invoker.java:1129)
	at org.testng.internal.TestMethodWorker.invokeTestMethods(TestMethodWorker.java:129)
	at org.testng.internal.TestMethodWorker.run(TestMethodWorker.java:112)
	at org.testng.TestRunner.privateRun(TestRunner.java:746)
	at org.testng.TestRunner.run(TestRunner.java:600)
	at org.testng.SuiteRunner.runTest(SuiteRunner.java:366)
	at org.testng.SuiteRunner.runSequentially(SuiteRunner.java:361)
	at org.testng.SuiteRunner.privateRun(SuiteRunner.java:319)
	at org.testng.SuiteRunner.run(SuiteRunner.java:268)
	at org.testng.SuiteRunnerWorker.runSuite(SuiteRunnerWorker.java:52)
	at org.testng.SuiteRunnerWorker.run(SuiteRunnerWorker.java:86)
	at org.testng.TestNG.runSuitesSequentially(TestNG.java:1264)
	at org.testng.TestNG.runSuitesLocally(TestNG.java:1189)
	at org.testng.TestNG.runSuites(TestNG.java:1104)
	at org.testng.TestNG.run(TestNG.java:1076)
	at org.testng.remote.AbstractRemoteTestNG.run(AbstractRemoteTestNG.java:126)
	at org.testng.remote.RemoteTestNG.initAndRun(RemoteTestNG.java:152)
	at org.testng.remote.RemoteTestNG.main(RemoteTestNG.java:57)
</pre></div></td>
<td>0</td>
<td>TestSimpleSet_A_removeA_Empty@5d5eef3d</td></tr>
<tr>
<td title='TestSimpleSet_A_addA_A.testRemove_A()'><b>testRemove_A</b><br>Test class: TestSimpleSet_A_addA_A</td>
<td></td>
<td>0</td>
<td>TestSimpleSet_A_addA_A@56f4468b</td></tr>
<tr>
<td title='TestSimpleSet_A_addB_AB.testRemove_A()'><b>testRemove_A</b><br>Test class: TestSimpleSet_A_addB_AB</td>
<td></td>
<td>0</td>
<td>TestSimpleSet_A_addB_AB@6cc4c815</td></tr>
<tr>
<td title='TestSimpleSet_AB_removeA_B.testRemove_A()'><b>testRemove_A</b><br>Test class: TestSimpleSet_AB_removeA_B</td>
<td><div><pre>java.util.NoSuchElementException: ArraySet
	at ArraySet.remove(ArraySet.java:88)
	at SetTestCase.remove(SetTestCase.java:35)
	at TestSimpleSet_AB_removeA_B.testRemove_A(TestSimpleSet_AB_removeA_B.java:119)
... Removed 25 stack frames</pre></div><a href='#' onClick='toggleBox("stack-trace36333492", this, "Click to show all stack frames", "Click to hide stack frames")'>Click to show all stack frames</a>
<div class='stack-trace' id='stack-trace36333492'><pre>java.util.NoSuchElementException: ArraySet
	at ArraySet.remove(ArraySet.java:88)
	at SetTestCase.remove(SetTestCase.java:35)
	at TestSimpleSet_AB_removeA_B.testRemove_A(TestSimpleSet_AB_removeA_B.java:119)
	at sun.reflect.NativeMethodAccessorImpl.invoke0(Native Method)
	at sun.reflect.NativeMethodAccessorImpl.invoke(NativeMethodAccessorImpl.java:62)
	at sun.reflect.DelegatingMethodAccessorImpl.invoke(DelegatingMethodAccessorImpl.java:43)
	at java.lang.reflect.Method.invoke(Method.java:497)
	at org.testng.internal.MethodInvocationHelper.invokeMethod(MethodInvocationHelper.java:100)
	at org.testng.internal.Invoker.invokeMethod(Invoker.java:646)
	at org.testng.internal.Invoker.invokeTestMethod(Invoker.java:811)
	at org.testng.internal.Invoker.invokeTestMethods(Invoker.java:1129)
	at org.testng.internal.TestMethodWorker.invokeTestMethods(TestMethodWorker.java:129)
	at org.testng.internal.TestMethodWorker.run(TestMethodWorker.java:112)
	at org.testng.TestRunner.privateRun(TestRunner.java:746)
	at org.testng.TestRunner.run(TestRunner.java:600)
	at org.testng.SuiteRunner.runTest(SuiteRunner.java:366)
	at org.testng.SuiteRunner.runSequentially(SuiteRunner.java:361)
	at org.testng.SuiteRunner.privateRun(SuiteRunner.java:319)
	at org.testng.SuiteRunner.run(SuiteRunner.java:268)
	at org.testng.SuiteRunnerWorker.runSuite(SuiteRunnerWorker.java:52)
	at org.testng.SuiteRunnerWorker.run(SuiteRunnerWorker.java:86)
	at org.testng.TestNG.runSuitesSequentially(TestNG.java:1264)
	at org.testng.TestNG.runSuitesLocally(TestNG.java:1189)
	at org.testng.TestNG.runSuites(TestNG.java:1104)
	at org.testng.TestNG.run(TestNG.java:1076)
	at org.testng.remote.AbstractRemoteTestNG.run(AbstractRemoteTestNG.java:126)
	at org.testng.remote.RemoteTestNG.initAndRun(RemoteTestNG.java:152)
	at org.testng.remote.RemoteTestNG.main(RemoteTestNG.java:57)
</pre></div></td>
<td>0</td>
<td>TestSimpleSet_AB_removeA_B@3a82f6ef</td></tr>
<tr>
<td title='TestSimpleSet_AB_removeB_A.testRemove_A()'><b>testRemove_A</b><br>Test class: TestSimpleSet_AB_removeB_A</td>
<td></td>
<td>0</td>
<td>TestSimpleSet_AB_removeB_A@100fc185</td></tr>
<tr>
<td title='TestSimpleSet_AB_addA_AB.testRemove_A()'><b>testRemove_A</b><br>Test class: TestSimpleSet_AB_addA_AB</td>
<td></td>
<td>0</td>
<td>TestSimpleSet_AB_addA_AB@643b1d11</td></tr>
<tr>
<td title='TestSimpleSet_AB_addB_AB.testRemove_A()'><b>testRemove_A</b><br>Test class: TestSimpleSet_AB_addB_AB</td>
<td></td>
<td>0</td>
<td>TestSimpleSet_AB_addB_AB@2ef5e5e3</td></tr>
<tr>
<td title='TestSimpleSet_AB_addC_ABC.testRemove_A()'><b>testRemove_A</b><br>Test class: TestSimpleSet_AB_addC_ABC</td>
<td></td>
<td>0</td>
<td>TestSimpleSet_AB_addC_ABC@36d4b5c</td></tr>
<tr>
<td title='TestSimpleSet_ABC_removeA_BC.testRemove_A()'><b>testRemove_A</b><br>Test class: TestSimpleSet_ABC_removeA_BC</td>
<td><div><pre>java.util.NoSuchElementException: ArraySet
	at ArraySet.remove(ArraySet.java:88)
	at SetTestCase.remove(SetTestCase.java:35)
	at TestSimpleSet_ABC_removeA_BC.testRemove_A(TestSimpleSet_ABC_removeA_BC.java:182)
... Removed 25 stack frames</pre></div><a href='#' onClick='toggleBox("stack-trace842326585", this, "Click to show all stack frames", "Click to hide stack frames")'>Click to show all stack frames</a>
<div class='stack-trace' id='stack-trace842326585'><pre>java.util.NoSuchElementException: ArraySet
	at ArraySet.remove(ArraySet.java:88)
	at SetTestCase.remove(SetTestCase.java:35)
	at TestSimpleSet_ABC_removeA_BC.testRemove_A(TestSimpleSet_ABC_removeA_BC.java:182)
	at sun.reflect.NativeMethodAccessorImpl.invoke0(Native Method)
	at sun.reflect.NativeMethodAccessorImpl.invoke(NativeMethodAccessorImpl.java:62)
	at sun.reflect.DelegatingMethodAccessorImpl.invoke(DelegatingMethodAccessorImpl.java:43)
	at java.lang.reflect.Method.invoke(Method.java:497)
	at org.testng.internal.MethodInvocationHelper.invokeMethod(MethodInvocationHelper.java:100)
	at org.testng.internal.Invoker.invokeMethod(Invoker.java:646)
	at org.testng.internal.Invoker.invokeTestMethod(Invoker.java:811)
	at org.testng.internal.Invoker.invokeTestMethods(Invoker.java:1129)
	at org.testng.internal.TestMethodWorker.invokeTestMethods(TestMethodWorker.java:129)
	at org.testng.internal.TestMethodWorker.run(TestMethodWorker.java:112)
	at org.testng.TestRunner.privateRun(TestRunner.java:746)
	at org.testng.TestRunner.run(TestRunner.java:600)
	at org.testng.SuiteRunner.runTest(SuiteRunner.java:366)
	at org.testng.SuiteRunner.runSequentially(SuiteRunner.java:361)
	at org.testng.SuiteRunner.privateRun(SuiteRunner.java:319)
	at org.testng.SuiteRunner.run(SuiteRunner.java:268)
	at org.testng.SuiteRunnerWorker.runSuite(SuiteRunnerWorker.java:52)
	at org.testng.SuiteRunnerWorker.run(SuiteRunnerWorker.java:86)
	at org.testng.TestNG.runSuitesSequentially(TestNG.java:1264)
	at org.testng.TestNG.runSuitesLocally(TestNG.java:1189)
	at org.testng.TestNG.runSuites(TestNG.java:1104)
	at org.testng.TestNG.run(TestNG.java:1076)
	at org.testng.remote.AbstractRemoteTestNG.run(AbstractRemoteTestNG.java:126)
	at org.testng.remote.RemoteTestNG.initAndRun(RemoteTestNG.java:152)
	at org.testng.remote.RemoteTestNG.main(RemoteTestNG.java:57)
</pre></div></td>
<td>0</td>
<td>TestSimpleSet_ABC_removeA_BC@6d00a15d</td></tr>
<tr>
<td title='TestSimpleSet_ABC_removeB_AC.testRemove_A()'><b>testRemove_A</b><br>Test class: TestSimpleSet_ABC_removeB_AC</td>
<td></td>
<td>0</td>
<td>TestSimpleSet_ABC_removeB_AC@51efea79</td></tr>
<tr>
<td title='TestSimpleSet_ABC_removeC_AB.testRemove_A()'><b>testRemove_A</b><br>Test class: TestSimpleSet_ABC_removeC_AB</td>
<td></td>
<td>0</td>
<td>TestSimpleSet_ABC_removeC_AB@5034c75a</td></tr>
<tr>
<td title='TestSimpleSet_ABC_addA_ABC.testRemove_A()'><b>testRemove_A</b><br>Test class: TestSimpleSet_ABC_addA_ABC</td>
<td></td>
<td>0</td>
<td>TestSimpleSet_ABC_addA_ABC@396a51ab</td></tr>
<tr>
<td title='TestSimpleSet_ABC_addB_ABC.testRemove_A()'><b>testRemove_A</b><br>Test class: TestSimpleSet_ABC_addB_ABC</td>
<td></td>
<td>0</td>
<td>TestSimpleSet_ABC_addB_ABC@51081592</td></tr>
<tr>
<td title='TestSimpleSet_ABC_addC_ABC.testRemove_A()'><b>testRemove_A</b><br>Test class: TestSimpleSet_ABC_addC_ABC</td>
<td></td>
<td>0</td>
<td>TestSimpleSet_ABC_addC_ABC@7f9a81e8</td></tr>
<tr>
<td title='TestSimpleSet_Empty_addA_A.testRemove_B()'><b>testRemove_B</b><br>Test class: TestSimpleSet_Empty_addA_A</td>
<td><div><pre>java.util.NoSuchElementException: ArraySet
	at ArraySet.remove(ArraySet.java:88)
	at SetTestCase.remove(SetTestCase.java:35)
	at TestSimpleSet_Empty_addA_A.testRemove_B(TestSimpleSet_Empty_addA_A.java:118)
... Removed 25 stack frames</pre></div><a href='#' onClick='toggleBox("stack-trace1875308878", this, "Click to show all stack frames", "Click to hide stack frames")'>Click to show all stack frames</a>
<div class='stack-trace' id='stack-trace1875308878'><pre>java.util.NoSuchElementException: ArraySet
	at ArraySet.remove(ArraySet.java:88)
	at SetTestCase.remove(SetTestCase.java:35)
	at TestSimpleSet_Empty_addA_A.testRemove_B(TestSimpleSet_Empty_addA_A.java:118)
	at sun.reflect.NativeMethodAccessorImpl.invoke0(Native Method)
	at sun.reflect.NativeMethodAccessorImpl.invoke(NativeMethodAccessorImpl.java:62)
	at sun.reflect.DelegatingMethodAccessorImpl.invoke(DelegatingMethodAccessorImpl.java:43)
	at java.lang.reflect.Method.invoke(Method.java:497)
	at org.testng.internal.MethodInvocationHelper.invokeMethod(MethodInvocationHelper.java:100)
	at org.testng.internal.Invoker.invokeMethod(Invoker.java:646)
	at org.testng.internal.Invoker.invokeTestMethod(Invoker.java:811)
	at org.testng.internal.Invoker.invokeTestMethods(Invoker.java:1129)
	at org.testng.internal.TestMethodWorker.invokeTestMethods(TestMethodWorker.java:129)
	at org.testng.internal.TestMethodWorker.run(TestMethodWorker.java:112)
	at org.testng.TestRunner.privateRun(TestRunner.java:746)
	at org.testng.TestRunner.run(TestRunner.java:600)
	at org.testng.SuiteRunner.runTest(SuiteRunner.java:366)
	at org.testng.SuiteRunner.runSequentially(SuiteRunner.java:361)
	at org.testng.SuiteRunner.privateRun(SuiteRunner.java:319)
	at org.testng.SuiteRunner.run(SuiteRunner.java:268)
	at org.testng.SuiteRunnerWorker.runSuite(SuiteRunnerWorker.java:52)
	at org.testng.SuiteRunnerWorker.run(SuiteRunnerWorker.java:86)
	at org.testng.TestNG.runSuitesSequentially(TestNG.java:1264)
	at org.testng.TestNG.runSuitesLocally(TestNG.java:1189)
	at org.testng.TestNG.runSuites(TestNG.java:1104)
	at org.testng.TestNG.run(TestNG.java:1076)
	at org.testng.remote.AbstractRemoteTestNG.run(AbstractRemoteTestNG.java:126)
	at org.testng.remote.RemoteTestNG.initAndRun(RemoteTestNG.java:152)
	at org.testng.remote.RemoteTestNG.main(RemoteTestNG.java:57)
</pre></div></td>
<td>0</td>
<td>TestSimpleSet_Empty_addA_A@23ceabc1</td></tr>
<tr>
<td title='TestSimpleSet_A_addA_A.testRemove_B()'><b>testRemove_B</b><br>Test class: TestSimpleSet_A_addA_A</td>
<td><div><pre>java.util.NoSuchElementException: ArraySet
	at ArraySet.remove(ArraySet.java:88)
	at SetTestCase.remove(SetTestCase.java:35)
	at TestSimpleSet_A_addA_A.testRemove_B(TestSimpleSet_A_addA_A.java:119)
... Removed 25 stack frames</pre></div><a href='#' onClick='toggleBox("stack-trace2106620844", this, "Click to show all stack frames", "Click to hide stack frames")'>Click to show all stack frames</a>
<div class='stack-trace' id='stack-trace2106620844'><pre>java.util.NoSuchElementException: ArraySet
	at ArraySet.remove(ArraySet.java:88)
	at SetTestCase.remove(SetTestCase.java:35)
	at TestSimpleSet_A_addA_A.testRemove_B(TestSimpleSet_A_addA_A.java:119)
	at sun.reflect.NativeMethodAccessorImpl.invoke0(Native Method)
	at sun.reflect.NativeMethodAccessorImpl.invoke(NativeMethodAccessorImpl.java:62)
	at sun.reflect.DelegatingMethodAccessorImpl.invoke(DelegatingMethodAccessorImpl.java:43)
	at java.lang.reflect.Method.invoke(Method.java:497)
	at org.testng.internal.MethodInvocationHelper.invokeMethod(MethodInvocationHelper.java:100)
	at org.testng.internal.Invoker.invokeMethod(Invoker.java:646)
	at org.testng.internal.Invoker.invokeTestMethod(Invoker.java:811)
	at org.testng.internal.Invoker.invokeTestMethods(Invoker.java:1129)
	at org.testng.internal.TestMethodWorker.invokeTestMethods(TestMethodWorker.java:129)
	at org.testng.internal.TestMethodWorker.run(TestMethodWorker.java:112)
	at org.testng.TestRunner.privateRun(TestRunner.java:746)
	at org.testng.TestRunner.run(TestRunner.java:600)
	at org.testng.SuiteRunner.runTest(SuiteRunner.java:366)
	at org.testng.SuiteRunner.runSequentially(SuiteRunner.java:361)
	at org.testng.SuiteRunner.privateRun(SuiteRunner.java:319)
	at org.testng.SuiteRunner.run(SuiteRunner.java:268)
	at org.testng.SuiteRunnerWorker.runSuite(SuiteRunnerWorker.java:52)
	at org.testng.SuiteRunnerWorker.run(SuiteRunnerWorker.java:86)
	at org.testng.TestNG.runSuitesSequentially(TestNG.java:1264)
	at org.testng.TestNG.runSuitesLocally(TestNG.java:1189)
	at org.testng.TestNG.runSuites(TestNG.java:1104)
	at org.testng.TestNG.run(TestNG.java:1076)
	at org.testng.remote.AbstractRemoteTestNG.run(AbstractRemoteTestNG.java:126)
	at org.testng.remote.RemoteTestNG.initAndRun(RemoteTestNG.java:152)
	at org.testng.remote.RemoteTestNG.main(RemoteTestNG.java:57)
</pre></div></td>
<td>0</td>
<td>TestSimpleSet_A_addA_A@56f4468b</td></tr>
<tr>
<td title='TestSimpleSet_A_addB_AB.testRemove_B()'><b>testRemove_B</b><br>Test class: TestSimpleSet_A_addB_AB</td>
<td></td>
<td>0</td>
<td>TestSimpleSet_A_addB_AB@6cc4c815</td></tr>
<tr>
<td title='TestSimpleSet_AB_removeA_B.testRemove_B()'><b>testRemove_B</b><br>Test class: TestSimpleSet_AB_removeA_B</td>
<td></td>
<td>0</td>
<td>TestSimpleSet_AB_removeA_B@3a82f6ef</td></tr>
<tr>
<td title='TestSimpleSet_AB_removeB_A.testRemove_B()'><b>testRemove_B</b><br>Test class: TestSimpleSet_AB_removeB_A</td>
<td><div><pre>java.util.NoSuchElementException: ArraySet
	at ArraySet.remove(ArraySet.java:88)
	at SetTestCase.remove(SetTestCase.java:35)
	at TestSimpleSet_AB_removeB_A.testRemove_B(TestSimpleSet_AB_removeB_A.java:120)
... Removed 25 stack frames</pre></div><a href='#' onClick='toggleBox("stack-trace1325808650", this, "Click to show all stack frames", "Click to hide stack frames")'>Click to show all stack frames</a>
<div class='stack-trace' id='stack-trace1325808650'><pre>java.util.NoSuchElementException: ArraySet
	at ArraySet.remove(ArraySet.java:88)
	at SetTestCase.remove(SetTestCase.java:35)
	at TestSimpleSet_AB_removeB_A.testRemove_B(TestSimpleSet_AB_removeB_A.java:120)
	at sun.reflect.NativeMethodAccessorImpl.invoke0(Native Method)
	at sun.reflect.NativeMethodAccessorImpl.invoke(NativeMethodAccessorImpl.java:62)
	at sun.reflect.DelegatingMethodAccessorImpl.invoke(DelegatingMethodAccessorImpl.java:43)
	at java.lang.reflect.Method.invoke(Method.java:497)
	at org.testng.internal.MethodInvocationHelper.invokeMethod(MethodInvocationHelper.java:100)
	at org.testng.internal.Invoker.invokeMethod(Invoker.java:646)
	at org.testng.internal.Invoker.invokeTestMethod(Invoker.java:811)
	at org.testng.internal.Invoker.invokeTestMethods(Invoker.java:1129)
	at org.testng.internal.TestMethodWorker.invokeTestMethods(TestMethodWorker.java:129)
	at org.testng.internal.TestMethodWorker.run(TestMethodWorker.java:112)
	at org.testng.TestRunner.privateRun(TestRunner.java:746)
	at org.testng.TestRunner.run(TestRunner.java:600)
	at org.testng.SuiteRunner.runTest(SuiteRunner.java:366)
	at org.testng.SuiteRunner.runSequentially(SuiteRunner.java:361)
	at org.testng.SuiteRunner.privateRun(SuiteRunner.java:319)
	at org.testng.SuiteRunner.run(SuiteRunner.java:268)
	at org.testng.SuiteRunnerWorker.runSuite(SuiteRunnerWorker.java:52)
	at org.testng.SuiteRunnerWorker.run(SuiteRunnerWorker.java:86)
	at org.testng.TestNG.runSuitesSequentially(TestNG.java:1264)
	at org.testng.TestNG.runSuitesLocally(TestNG.java:1189)
	at org.testng.TestNG.runSuites(TestNG.java:1104)
	at org.testng.TestNG.run(TestNG.java:1076)
	at org.testng.remote.AbstractRemoteTestNG.run(AbstractRemoteTestNG.java:126)
	at org.testng.remote.RemoteTestNG.initAndRun(RemoteTestNG.java:152)
	at org.testng.remote.RemoteTestNG.main(RemoteTestNG.java:57)
</pre></div></td>
<td>0</td>
<td>TestSimpleSet_AB_removeB_A@100fc185</td></tr>
<tr>
<td title='TestSimpleSet_AB_addA_AB.testRemove_B()'><b>testRemove_B</b><br>Test class: TestSimpleSet_AB_addA_AB</td>
<td></td>
<td>0</td>
<td>TestSimpleSet_AB_addA_AB@643b1d11</td></tr>
<tr>
<td title='TestSimpleSet_AB_addB_AB.testRemove_B()'><b>testRemove_B</b><br>Test class: TestSimpleSet_AB_addB_AB</td>
<td></td>
<td>0</td>
<td>TestSimpleSet_AB_addB_AB@2ef5e5e3</td></tr>
<tr>
<td title='TestSimpleSet_AB_addC_ABC.testRemove_B()'><b>testRemove_B</b><br>Test class: TestSimpleSet_AB_addC_ABC</td>
<td></td>
<td>0</td>
<td>TestSimpleSet_AB_addC_ABC@36d4b5c</td></tr>
<tr>
<td title='TestSimpleSet_ABC_removeA_BC.testRemove_B()'><b>testRemove_B</b><br>Test class: TestSimpleSet_ABC_removeA_BC</td>
<td></td>
<td>0</td>
<td>TestSimpleSet_ABC_removeA_BC@6d00a15d</td></tr>
<tr>
<td title='TestSimpleSet_ABC_removeB_AC.testRemove_B()'><b>testRemove_B</b><br>Test class: TestSimpleSet_ABC_removeB_AC</td>
<td><div><pre>java.util.NoSuchElementException: ArraySet
	at ArraySet.remove(ArraySet.java:88)
	at SetTestCase.remove(SetTestCase.java:35)
	at TestSimpleSet_ABC_removeB_AC.testRemove_B(TestSimpleSet_ABC_removeB_AC.java:182)
... Removed 25 stack frames</pre></div><a href='#' onClick='toggleBox("stack-trace1613255205", this, "Click to show all stack frames", "Click to hide stack frames")'>Click to show all stack frames</a>
<div class='stack-trace' id='stack-trace1613255205'><pre>java.util.NoSuchElementException: ArraySet
	at ArraySet.remove(ArraySet.java:88)
	at SetTestCase.remove(SetTestCase.java:35)
	at TestSimpleSet_ABC_removeB_AC.testRemove_B(TestSimpleSet_ABC_removeB_AC.java:182)
	at sun.reflect.NativeMethodAccessorImpl.invoke0(Native Method)
	at sun.reflect.NativeMethodAccessorImpl.invoke(NativeMethodAccessorImpl.java:62)
	at sun.reflect.DelegatingMethodAccessorImpl.invoke(DelegatingMethodAccessorImpl.java:43)
	at java.lang.reflect.Method.invoke(Method.java:497)
	at org.testng.internal.MethodInvocationHelper.invokeMethod(MethodInvocationHelper.java:100)
	at org.testng.internal.Invoker.invokeMethod(Invoker.java:646)
	at org.testng.internal.Invoker.invokeTestMethod(Invoker.java:811)
	at org.testng.internal.Invoker.invokeTestMethods(Invoker.java:1129)
	at org.testng.internal.TestMethodWorker.invokeTestMethods(TestMethodWorker.java:129)
	at org.testng.internal.TestMethodWorker.run(TestMethodWorker.java:112)
	at org.testng.TestRunner.privateRun(TestRunner.java:746)
	at org.testng.TestRunner.run(TestRunner.java:600)
	at org.testng.SuiteRunner.runTest(SuiteRunner.java:366)
	at org.testng.SuiteRunner.runSequentially(SuiteRunner.java:361)
	at org.testng.SuiteRunner.privateRun(SuiteRunner.java:319)
	at org.testng.SuiteRunner.run(SuiteRunner.java:268)
	at org.testng.SuiteRunnerWorker.runSuite(SuiteRunnerWorker.java:52)
	at org.testng.SuiteRunnerWorker.run(SuiteRunnerWorker.java:86)
	at org.testng.TestNG.runSuitesSequentially(TestNG.java:1264)
	at org.testng.TestNG.runSuitesLocally(TestNG.java:1189)
	at org.testng.TestNG.runSuites(TestNG.java:1104)
	at org.testng.TestNG.run(TestNG.java:1076)
	at org.testng.remote.AbstractRemoteTestNG.run(AbstractRemoteTestNG.java:126)
	at org.testng.remote.RemoteTestNG.initAndRun(RemoteTestNG.java:152)
	at org.testng.remote.RemoteTestNG.main(RemoteTestNG.java:57)
</pre></div></td>
<td>0</td>
<td>TestSimpleSet_ABC_removeB_AC@51efea79</td></tr>
<tr>
<td title='TestSimpleSet_ABC_removeC_AB.testRemove_B()'><b>testRemove_B</b><br>Test class: TestSimpleSet_ABC_removeC_AB</td>
<td></td>
<td>0</td>
<td>TestSimpleSet_ABC_removeC_AB@5034c75a</td></tr>
<tr>
<td title='TestSimpleSet_ABC_addA_ABC.testRemove_B()'><b>testRemove_B</b><br>Test class: TestSimpleSet_ABC_addA_ABC</td>
<td></td>
<td>0</td>
<td>TestSimpleSet_ABC_addA_ABC@396a51ab</td></tr>
<tr>
<td title='TestSimpleSet_ABC_addB_ABC.testRemove_B()'><b>testRemove_B</b><br>Test class: TestSimpleSet_ABC_addB_ABC</td>
<td></td>
<td>0</td>
<td>TestSimpleSet_ABC_addB_ABC@51081592</td></tr>
<tr>
<td title='TestSimpleSet_ABC_addC_ABC.testRemove_B()'><b>testRemove_B</b><br>Test class: TestSimpleSet_ABC_addC_ABC</td>
<td></td>
<td>0</td>
<td>TestSimpleSet_ABC_addC_ABC@7f9a81e8</td></tr>
<tr>
<td title='TestSimpleSet_A_addB_AB.testRemove_C()'><b>testRemove_C</b><br>Test class: TestSimpleSet_A_addB_AB</td>
<td><div><pre>java.util.NoSuchElementException: ArraySet
	at ArraySet.remove(ArraySet.java:88)
	at SetTestCase.remove(SetTestCase.java:35)
	at TestSimpleSet_A_addB_AB.testRemove_C(TestSimpleSet_A_addB_AB.java:181)
... Removed 25 stack frames</pre></div><a href='#' onClick='toggleBox("stack-trace660143728", this, "Click to show all stack frames", "Click to hide stack frames")'>Click to show all stack frames</a>
<div class='stack-trace' id='stack-trace660143728'><pre>java.util.NoSuchElementException: ArraySet
	at ArraySet.remove(ArraySet.java:88)
	at SetTestCase.remove(SetTestCase.java:35)
	at TestSimpleSet_A_addB_AB.testRemove_C(TestSimpleSet_A_addB_AB.java:181)
	at sun.reflect.NativeMethodAccessorImpl.invoke0(Native Method)
	at sun.reflect.NativeMethodAccessorImpl.invoke(NativeMethodAccessorImpl.java:62)
	at sun.reflect.DelegatingMethodAccessorImpl.invoke(DelegatingMethodAccessorImpl.java:43)
	at java.lang.reflect.Method.invoke(Method.java:497)
	at org.testng.internal.MethodInvocationHelper.invokeMethod(MethodInvocationHelper.java:100)
	at org.testng.internal.Invoker.invokeMethod(Invoker.java:646)
	at org.testng.internal.Invoker.invokeTestMethod(Invoker.java:811)
	at org.testng.internal.Invoker.invokeTestMethods(Invoker.java:1129)
	at org.testng.internal.TestMethodWorker.invokeTestMethods(TestMethodWorker.java:129)
	at org.testng.internal.TestMethodWorker.run(TestMethodWorker.java:112)
	at org.testng.TestRunner.privateRun(TestRunner.java:746)
	at org.testng.TestRunner.run(TestRunner.java:600)
	at org.testng.SuiteRunner.runTest(SuiteRunner.java:366)
	at org.testng.SuiteRunner.runSequentially(SuiteRunner.java:361)
	at org.testng.SuiteRunner.privateRun(SuiteRunner.java:319)
	at org.testng.SuiteRunner.run(SuiteRunner.java:268)
	at org.testng.SuiteRunnerWorker.runSuite(SuiteRunnerWorker.java:52)
	at org.testng.SuiteRunnerWorker.run(SuiteRunnerWorker.java:86)
	at org.testng.TestNG.runSuitesSequentially(TestNG.java:1264)
	at org.testng.TestNG.runSuitesLocally(TestNG.java:1189)
	at org.testng.TestNG.runSuites(TestNG.java:1104)
	at org.testng.TestNG.run(TestNG.java:1076)
	at org.testng.remote.AbstractRemoteTestNG.run(AbstractRemoteTestNG.java:126)
	at org.testng.remote.RemoteTestNG.initAndRun(RemoteTestNG.java:152)
	at org.testng.remote.RemoteTestNG.main(RemoteTestNG.java:57)
</pre></div></td>
<td>0</td>
<td>TestSimpleSet_A_addB_AB@6cc4c815</td></tr>
<tr>
<td title='TestSimpleSet_AB_addA_AB.testRemove_C()'><b>testRemove_C</b><br>Test class: TestSimpleSet_AB_addA_AB</td>
<td><div><pre>java.util.NoSuchElementException: ArraySet
	at ArraySet.remove(ArraySet.java:88)
	at SetTestCase.remove(SetTestCase.java:35)
	at TestSimpleSet_AB_addA_AB.testRemove_C(TestSimpleSet_AB_addA_AB.java:182)
... Removed 25 stack frames</pre></div><a href='#' onClick='toggleBox("stack-trace963601816", this, "Click to show all stack frames", "Click to hide stack frames")'>Click to show all stack frames</a>
<div class='stack-trace' id='stack-trace963601816'><pre>java.util.NoSuchElementException: ArraySet
	at ArraySet.remove(ArraySet.java:88)
	at SetTestCase.remove(SetTestCase.java:35)
	at TestSimpleSet_AB_addA_AB.testRemove_C(TestSimpleSet_AB_addA_AB.java:182)
	at sun.reflect.NativeMethodAccessorImpl.invoke0(Native Method)
	at sun.reflect.NativeMethodAccessorImpl.invoke(NativeMethodAccessorImpl.java:62)
	at sun.reflect.DelegatingMethodAccessorImpl.invoke(DelegatingMethodAccessorImpl.java:43)
	at java.lang.reflect.Method.invoke(Method.java:497)
	at org.testng.internal.MethodInvocationHelper.invokeMethod(MethodInvocationHelper.java:100)
	at org.testng.internal.Invoker.invokeMethod(Invoker.java:646)
	at org.testng.internal.Invoker.invokeTestMethod(Invoker.java:811)
	at org.testng.internal.Invoker.invokeTestMethods(Invoker.java:1129)
	at org.testng.internal.TestMethodWorker.invokeTestMethods(TestMethodWorker.java:129)
	at org.testng.internal.TestMethodWorker.run(TestMethodWorker.java:112)
	at org.testng.TestRunner.privateRun(TestRunner.java:746)
	at org.testng.TestRunner.run(TestRunner.java:600)
	at org.testng.SuiteRunner.runTest(SuiteRunner.java:366)
	at org.testng.SuiteRunner.runSequentially(SuiteRunner.java:361)
	at org.testng.SuiteRunner.privateRun(SuiteRunner.java:319)
	at org.testng.SuiteRunner.run(SuiteRunner.java:268)
	at org.testng.SuiteRunnerWorker.runSuite(SuiteRunnerWorker.java:52)
	at org.testng.SuiteRunnerWorker.run(SuiteRunnerWorker.java:86)
	at org.testng.TestNG.runSuitesSequentially(TestNG.java:1264)
	at org.testng.TestNG.runSuitesLocally(TestNG.java:1189)
	at org.testng.TestNG.runSuites(TestNG.java:1104)
	at org.testng.TestNG.run(TestNG.java:1076)
	at org.testng.remote.AbstractRemoteTestNG.run(AbstractRemoteTestNG.java:126)
	at org.testng.remote.RemoteTestNG.initAndRun(RemoteTestNG.java:152)
	at org.testng.remote.RemoteTestNG.main(RemoteTestNG.java:57)
</pre></div></td>
<td>0</td>
<td>TestSimpleSet_AB_addA_AB@643b1d11</td></tr>
<tr>
<td title='TestSimpleSet_AB_addB_AB.testRemove_C()'><b>testRemove_C</b><br>Test class: TestSimpleSet_AB_addB_AB</td>
<td><div><pre>java.util.NoSuchElementException: ArraySet
	at ArraySet.remove(ArraySet.java:88)
	at SetTestCase.remove(SetTestCase.java:35)
	at TestSimpleSet_AB_addB_AB.testRemove_C(TestSimpleSet_AB_addB_AB.java:182)
... Removed 25 stack frames</pre></div><a href='#' onClick='toggleBox("stack-trace238157928", this, "Click to show all stack frames", "Click to hide stack frames")'>Click to show all stack frames</a>
<div class='stack-trace' id='stack-trace238157928'><pre>java.util.NoSuchElementException: ArraySet
	at ArraySet.remove(ArraySet.java:88)
	at SetTestCase.remove(SetTestCase.java:35)
	at TestSimpleSet_AB_addB_AB.testRemove_C(TestSimpleSet_AB_addB_AB.java:182)
	at sun.reflect.NativeMethodAccessorImpl.invoke0(Native Method)
	at sun.reflect.NativeMethodAccessorImpl.invoke(NativeMethodAccessorImpl.java:62)
	at sun.reflect.DelegatingMethodAccessorImpl.invoke(DelegatingMethodAccessorImpl.java:43)
	at java.lang.reflect.Method.invoke(Method.java:497)
	at org.testng.internal.MethodInvocationHelper.invokeMethod(MethodInvocationHelper.java:100)
	at org.testng.internal.Invoker.invokeMethod(Invoker.java:646)
	at org.testng.internal.Invoker.invokeTestMethod(Invoker.java:811)
	at org.testng.internal.Invoker.invokeTestMethods(Invoker.java:1129)
	at org.testng.internal.TestMethodWorker.invokeTestMethods(TestMethodWorker.java:129)
	at org.testng.internal.TestMethodWorker.run(TestMethodWorker.java:112)
	at org.testng.TestRunner.privateRun(TestRunner.java:746)
	at org.testng.TestRunner.run(TestRunner.java:600)
	at org.testng.SuiteRunner.runTest(SuiteRunner.java:366)
	at org.testng.SuiteRunner.runSequentially(SuiteRunner.java:361)
	at org.testng.SuiteRunner.privateRun(SuiteRunner.java:319)
	at org.testng.SuiteRunner.run(SuiteRunner.java:268)
	at org.testng.SuiteRunnerWorker.runSuite(SuiteRunnerWorker.java:52)
	at org.testng.SuiteRunnerWorker.run(SuiteRunnerWorker.java:86)
	at org.testng.TestNG.runSuitesSequentially(TestNG.java:1264)
	at org.testng.TestNG.runSuitesLocally(TestNG.java:1189)
	at org.testng.TestNG.runSuites(TestNG.java:1104)
	at org.testng.TestNG.run(TestNG.java:1076)
	at org.testng.remote.AbstractRemoteTestNG.run(AbstractRemoteTestNG.java:126)
	at org.testng.remote.RemoteTestNG.initAndRun(RemoteTestNG.java:152)
	at org.testng.remote.RemoteTestNG.main(RemoteTestNG.java:57)
</pre></div></td>
<td>0</td>
<td>TestSimpleSet_AB_addB_AB@2ef5e5e3</td></tr>
<tr>
<td title='TestSimpleSet_AB_addC_ABC.testRemove_C()'><b>testRemove_C</b><br>Test class: TestSimpleSet_AB_addC_ABC</td>
<td></td>
<td>0</td>
<td>TestSimpleSet_AB_addC_ABC@36d4b5c</td></tr>
<tr>
<td title='TestSimpleSet_ABC_removeA_BC.testRemove_C()'><b>testRemove_C</b><br>Test class: TestSimpleSet_ABC_removeA_BC</td>
<td></td>
<td>0</td>
<td>TestSimpleSet_ABC_removeA_BC@6d00a15d</td></tr>
<tr>
<td title='TestSimpleSet_ABC_removeB_AC.testRemove_C()'><b>testRemove_C</b><br>Test class: TestSimpleSet_ABC_removeB_AC</td>
<td></td>
<td>0</td>
<td>TestSimpleSet_ABC_removeB_AC@51efea79</td></tr>
<tr>
<td title='TestSimpleSet_ABC_removeC_AB.testRemove_C()'><b>testRemove_C</b><br>Test class: TestSimpleSet_ABC_removeC_AB</td>
<td><div><pre>java.util.NoSuchElementException: ArraySet
	at ArraySet.remove(ArraySet.java:88)
	at SetTestCase.remove(SetTestCase.java:35)
	at TestSimpleSet_ABC_removeC_AB.testRemove_C(TestSimpleSet_ABC_removeC_AB.java:184)
... Removed 25 stack frames</pre></div><a href='#' onClick='toggleBox("stack-trace171497379", this, "Click to show all stack frames", "Click to hide stack frames")'>Click to show all stack frames</a>
<div class='stack-trace' id='stack-trace171497379'><pre>java.util.NoSuchElementException: ArraySet
	at ArraySet.remove(ArraySet.java:88)
	at SetTestCase.remove(SetTestCase.java:35)
	at TestSimpleSet_ABC_removeC_AB.testRemove_C(TestSimpleSet_ABC_removeC_AB.java:184)
	at sun.reflect.NativeMethodAccessorImpl.invoke0(Native Method)
	at sun.reflect.NativeMethodAccessorImpl.invoke(NativeMethodAccessorImpl.java:62)
	at sun.reflect.DelegatingMethodAccessorImpl.invoke(DelegatingMethodAccessorImpl.java:43)
	at java.lang.reflect.Method.invoke(Method.java:497)
	at org.testng.internal.MethodInvocationHelper.invokeMethod(MethodInvocationHelper.java:100)
	at org.testng.internal.Invoker.invokeMethod(Invoker.java:646)
	at org.testng.internal.Invoker.invokeTestMethod(Invoker.java:811)
	at org.testng.internal.Invoker.invokeTestMethods(Invoker.java:1129)
	at org.testng.internal.TestMethodWorker.invokeTestMethods(TestMethodWorker.java:129)
	at org.testng.internal.TestMethodWorker.run(TestMethodWorker.java:112)
	at org.testng.TestRunner.privateRun(TestRunner.java:746)
	at org.testng.TestRunner.run(TestRunner.java:600)
	at org.testng.SuiteRunner.runTest(SuiteRunner.java:366)
	at org.testng.SuiteRunner.runSequentially(SuiteRunner.java:361)
	at org.testng.SuiteRunner.privateRun(SuiteRunner.java:319)
	at org.testng.SuiteRunner.run(SuiteRunner.java:268)
	at org.testng.SuiteRunnerWorker.runSuite(SuiteRunnerWorker.java:52)
	at org.testng.SuiteRunnerWorker.run(SuiteRunnerWorker.java:86)
	at org.testng.TestNG.runSuitesSequentially(TestNG.java:1264)
	at org.testng.TestNG.runSuitesLocally(TestNG.java:1189)
	at org.testng.TestNG.runSuites(TestNG.java:1104)
	at org.testng.TestNG.run(TestNG.java:1076)
	at org.testng.remote.AbstractRemoteTestNG.run(AbstractRemoteTestNG.java:126)
	at org.testng.remote.RemoteTestNG.initAndRun(RemoteTestNG.java:152)
	at org.testng.remote.RemoteTestNG.main(RemoteTestNG.java:57)
</pre></div></td>
<td>0</td>
<td>TestSimpleSet_ABC_removeC_AB@5034c75a</td></tr>
<tr>
<td title='TestSimpleSet_ABC_addA_ABC.testRemove_C()'><b>testRemove_C</b><br>Test class: TestSimpleSet_ABC_addA_ABC</td>
<td></td>
<td>0</td>
<td>TestSimpleSet_ABC_addA_ABC@396a51ab</td></tr>
<tr>
<td title='TestSimpleSet_ABC_addB_ABC.testRemove_C()'><b>testRemove_C</b><br>Test class: TestSimpleSet_ABC_addB_ABC</td>
<td></td>
<td>0</td>
<td>TestSimpleSet_ABC_addB_ABC@51081592</td></tr>
<tr>
<td title='TestSimpleSet_ABC_addC_ABC.testRemove_C()'><b>testRemove_C</b><br>Test class: TestSimpleSet_ABC_addC_ABC</td>
<td></td>
<td>0</td>
<td>TestSimpleSet_ABC_addC_ABC@7f9a81e8</td></tr>
<tr>
<td title='TestSimpleSet_AB_addC_ABC.testRemove_D()'><b>testRemove_D</b><br>Test class: TestSimpleSet_AB_addC_ABC</td>
<td><div><pre>java.util.NoSuchElementException: ArraySet
	at ArraySet.remove(ArraySet.java:88)
	at SetTestCase.remove(SetTestCase.java:35)
	at TestSimpleSet_AB_addC_ABC.testRemove_D(TestSimpleSet_AB_addC_ABC.java:211)
... Removed 25 stack frames</pre></div><a href='#' onClick='toggleBox("stack-trace1263877414", this, "Click to show all stack frames", "Click to hide stack frames")'>Click to show all stack frames</a>
<div class='stack-trace' id='stack-trace1263877414'><pre>java.util.NoSuchElementException: ArraySet
	at ArraySet.remove(ArraySet.java:88)
	at SetTestCase.remove(SetTestCase.java:35)
	at TestSimpleSet_AB_addC_ABC.testRemove_D(TestSimpleSet_AB_addC_ABC.java:211)
	at sun.reflect.NativeMethodAccessorImpl.invoke0(Native Method)
	at sun.reflect.NativeMethodAccessorImpl.invoke(NativeMethodAccessorImpl.java:62)
	at sun.reflect.DelegatingMethodAccessorImpl.invoke(DelegatingMethodAccessorImpl.java:43)
	at java.lang.reflect.Method.invoke(Method.java:497)
	at org.testng.internal.MethodInvocationHelper.invokeMethod(MethodInvocationHelper.java:100)
	at org.testng.internal.Invoker.invokeMethod(Invoker.java:646)
	at org.testng.internal.Invoker.invokeTestMethod(Invoker.java:811)
	at org.testng.internal.Invoker.invokeTestMethods(Invoker.java:1129)
	at org.testng.internal.TestMethodWorker.invokeTestMethods(TestMethodWorker.java:129)
	at org.testng.internal.TestMethodWorker.run(TestMethodWorker.java:112)
	at org.testng.TestRunner.privateRun(TestRunner.java:746)
	at org.testng.TestRunner.run(TestRunner.java:600)
	at org.testng.SuiteRunner.runTest(SuiteRunner.java:366)
	at org.testng.SuiteRunner.runSequentially(SuiteRunner.java:361)
	at org.testng.SuiteRunner.privateRun(SuiteRunner.java:319)
	at org.testng.SuiteRunner.run(SuiteRunner.java:268)
	at org.testng.SuiteRunnerWorker.runSuite(SuiteRunnerWorker.java:52)
	at org.testng.SuiteRunnerWorker.run(SuiteRunnerWorker.java:86)
	at org.testng.TestNG.runSuitesSequentially(TestNG.java:1264)
	at org.testng.TestNG.runSuitesLocally(TestNG.java:1189)
	at org.testng.TestNG.runSuites(TestNG.java:1104)
	at org.testng.TestNG.run(TestNG.java:1076)
	at org.testng.remote.AbstractRemoteTestNG.run(AbstractRemoteTestNG.java:126)
	at org.testng.remote.RemoteTestNG.initAndRun(RemoteTestNG.java:152)
	at org.testng.remote.RemoteTestNG.main(RemoteTestNG.java:57)
</pre></div></td>
<td>0</td>
<td>TestSimpleSet_AB_addC_ABC@36d4b5c</td></tr>
<tr>
<td title='TestSimpleSet_ABC_addA_ABC.testRemove_D()'><b>testRemove_D</b><br>Test class: TestSimpleSet_ABC_addA_ABC</td>
<td><div><pre>java.util.NoSuchElementException: ArraySet
	at ArraySet.remove(ArraySet.java:88)
	at SetTestCase.remove(SetTestCase.java:35)
	at TestSimpleSet_ABC_addA_ABC.testRemove_D(TestSimpleSet_ABC_addA_ABC.java:212)
... Removed 25 stack frames</pre></div><a href='#' onClick='toggleBox("stack-trace1391942103", this, "Click to show all stack frames", "Click to hide stack frames")'>Click to show all stack frames</a>
<div class='stack-trace' id='stack-trace1391942103'><pre>java.util.NoSuchElementException: ArraySet
	at ArraySet.remove(ArraySet.java:88)
	at SetTestCase.remove(SetTestCase.java:35)
	at TestSimpleSet_ABC_addA_ABC.testRemove_D(TestSimpleSet_ABC_addA_ABC.java:212)
	at sun.reflect.NativeMethodAccessorImpl.invoke0(Native Method)
	at sun.reflect.NativeMethodAccessorImpl.invoke(NativeMethodAccessorImpl.java:62)
	at sun.reflect.DelegatingMethodAccessorImpl.invoke(DelegatingMethodAccessorImpl.java:43)
	at java.lang.reflect.Method.invoke(Method.java:497)
	at org.testng.internal.MethodInvocationHelper.invokeMethod(MethodInvocationHelper.java:100)
	at org.testng.internal.Invoker.invokeMethod(Invoker.java:646)
	at org.testng.internal.Invoker.invokeTestMethod(Invoker.java:811)
	at org.testng.internal.Invoker.invokeTestMethods(Invoker.java:1129)
	at org.testng.internal.TestMethodWorker.invokeTestMethods(TestMethodWorker.java:129)
	at org.testng.internal.TestMethodWorker.run(TestMethodWorker.java:112)
	at org.testng.TestRunner.privateRun(TestRunner.java:746)
	at org.testng.TestRunner.run(TestRunner.java:600)
	at org.testng.SuiteRunner.runTest(SuiteRunner.java:366)
	at org.testng.SuiteRunner.runSequentially(SuiteRunner.java:361)
	at org.testng.SuiteRunner.privateRun(SuiteRunner.java:319)
	at org.testng.SuiteRunner.run(SuiteRunner.java:268)
	at org.testng.SuiteRunnerWorker.runSuite(SuiteRunnerWorker.java:52)
	at org.testng.SuiteRunnerWorker.run(SuiteRunnerWorker.java:86)
	at org.testng.TestNG.runSuitesSequentially(TestNG.java:1264)
	at org.testng.TestNG.runSuitesLocally(TestNG.java:1189)
	at org.testng.TestNG.runSuites(TestNG.java:1104)
	at org.testng.TestNG.run(TestNG.java:1076)
	at org.testng.remote.AbstractRemoteTestNG.run(AbstractRemoteTestNG.java:126)
	at org.testng.remote.RemoteTestNG.initAndRun(RemoteTestNG.java:152)
	at org.testng.remote.RemoteTestNG.main(RemoteTestNG.java:57)
</pre></div></td>
<td>0</td>
<td>TestSimpleSet_ABC_addA_ABC@396a51ab</td></tr>
<tr>
<td title='TestSimpleSet_ABC_addB_ABC.testRemove_D()'><b>testRemove_D</b><br>Test class: TestSimpleSet_ABC_addB_ABC</td>
<td><div><pre>java.util.NoSuchElementException: ArraySet
	at ArraySet.remove(ArraySet.java:88)
	at SetTestCase.remove(SetTestCase.java:35)
	at TestSimpleSet_ABC_addB_ABC.testRemove_D(TestSimpleSet_ABC_addB_ABC.java:212)
... Removed 25 stack frames</pre></div><a href='#' onClick='toggleBox("stack-trace2024542466", this, "Click to show all stack frames", "Click to hide stack frames")'>Click to show all stack frames</a>
<div class='stack-trace' id='stack-trace2024542466'><pre>java.util.NoSuchElementException: ArraySet
	at ArraySet.remove(ArraySet.java:88)
	at SetTestCase.remove(SetTestCase.java:35)
	at TestSimpleSet_ABC_addB_ABC.testRemove_D(TestSimpleSet_ABC_addB_ABC.java:212)
	at sun.reflect.NativeMethodAccessorImpl.invoke0(Native Method)
	at sun.reflect.NativeMethodAccessorImpl.invoke(NativeMethodAccessorImpl.java:62)
	at sun.reflect.DelegatingMethodAccessorImpl.invoke(DelegatingMethodAccessorImpl.java:43)
	at java.lang.reflect.Method.invoke(Method.java:497)
	at org.testng.internal.MethodInvocationHelper.invokeMethod(MethodInvocationHelper.java:100)
	at org.testng.internal.Invoker.invokeMethod(Invoker.java:646)
	at org.testng.internal.Invoker.invokeTestMethod(Invoker.java:811)
	at org.testng.internal.Invoker.invokeTestMethods(Invoker.java:1129)
	at org.testng.internal.TestMethodWorker.invokeTestMethods(TestMethodWorker.java:129)
	at org.testng.internal.TestMethodWorker.run(TestMethodWorker.java:112)
	at org.testng.TestRunner.privateRun(TestRunner.java:746)
	at org.testng.TestRunner.run(TestRunner.java:600)
	at org.testng.SuiteRunner.runTest(SuiteRunner.java:366)
	at org.testng.SuiteRunner.runSequentially(SuiteRunner.java:361)
	at org.testng.SuiteRunner.privateRun(SuiteRunner.java:319)
	at org.testng.SuiteRunner.run(SuiteRunner.java:268)
	at org.testng.SuiteRunnerWorker.runSuite(SuiteRunnerWorker.java:52)
	at org.testng.SuiteRunnerWorker.run(SuiteRunnerWorker.java:86)
	at org.testng.TestNG.runSuitesSequentially(TestNG.java:1264)
	at org.testng.TestNG.runSuitesLocally(TestNG.java:1189)
	at org.testng.TestNG.runSuites(TestNG.java:1104)
	at org.testng.TestNG.run(TestNG.java:1076)
	at org.testng.remote.AbstractRemoteTestNG.run(AbstractRemoteTestNG.java:126)
	at org.testng.remote.RemoteTestNG.initAndRun(RemoteTestNG.java:152)
	at org.testng.remote.RemoteTestNG.main(RemoteTestNG.java:57)
</pre></div></td>
<td>0</td>
<td>TestSimpleSet_ABC_addB_ABC@51081592</td></tr>
<tr>
<td title='TestSimpleSet_ABC_addC_ABC.testRemove_D()'><b>testRemove_D</b><br>Test class: TestSimpleSet_ABC_addC_ABC</td>
<td><div><pre>java.util.NoSuchElementException: ArraySet
	at ArraySet.remove(ArraySet.java:88)
	at SetTestCase.remove(SetTestCase.java:35)
	at TestSimpleSet_ABC_addC_ABC.testRemove_D(TestSimpleSet_ABC_addC_ABC.java:212)
... Removed 25 stack frames</pre></div><a href='#' onClick='toggleBox("stack-trace1205555397", this, "Click to show all stack frames", "Click to hide stack frames")'>Click to show all stack frames</a>
<div class='stack-trace' id='stack-trace1205555397'><pre>java.util.NoSuchElementException: ArraySet
	at ArraySet.remove(ArraySet.java:88)
	at SetTestCase.remove(SetTestCase.java:35)
	at TestSimpleSet_ABC_addC_ABC.testRemove_D(TestSimpleSet_ABC_addC_ABC.java:212)
	at sun.reflect.NativeMethodAccessorImpl.invoke0(Native Method)
	at sun.reflect.NativeMethodAccessorImpl.invoke(NativeMethodAccessorImpl.java:62)
	at sun.reflect.DelegatingMethodAccessorImpl.invoke(DelegatingMethodAccessorImpl.java:43)
	at java.lang.reflect.Method.invoke(Method.java:497)
	at org.testng.internal.MethodInvocationHelper.invokeMethod(MethodInvocationHelper.java:100)
	at org.testng.internal.Invoker.invokeMethod(Invoker.java:646)
	at org.testng.internal.Invoker.invokeTestMethod(Invoker.java:811)
	at org.testng.internal.Invoker.invokeTestMethods(Invoker.java:1129)
	at org.testng.internal.TestMethodWorker.invokeTestMethods(TestMethodWorker.java:129)
	at org.testng.internal.TestMethodWorker.run(TestMethodWorker.java:112)
	at org.testng.TestRunner.privateRun(TestRunner.java:746)
	at org.testng.TestRunner.run(TestRunner.java:600)
	at org.testng.SuiteRunner.runTest(SuiteRunner.java:366)
	at org.testng.SuiteRunner.runSequentially(SuiteRunner.java:361)
	at org.testng.SuiteRunner.privateRun(SuiteRunner.java:319)
	at org.testng.SuiteRunner.run(SuiteRunner.java:268)
	at org.testng.SuiteRunnerWorker.runSuite(SuiteRunnerWorker.java:52)
	at org.testng.SuiteRunnerWorker.run(SuiteRunnerWorker.java:86)
	at org.testng.TestNG.runSuitesSequentially(TestNG.java:1264)
	at org.testng.TestNG.runSuitesLocally(TestNG.java:1189)
	at org.testng.TestNG.runSuites(TestNG.java:1104)
	at org.testng.TestNG.run(TestNG.java:1076)
	at org.testng.remote.AbstractRemoteTestNG.run(AbstractRemoteTestNG.java:126)
	at org.testng.remote.RemoteTestNG.initAndRun(RemoteTestNG.java:152)
	at org.testng.remote.RemoteTestNG.main(RemoteTestNG.java:57)
</pre></div></td>
<td>0</td>
<td>TestSimpleSet_ABC_addC_ABC@7f9a81e8</td></tr>
<tr>
<td title='TestSimpleSet_NewEmptySet.testSize()'><b>testSize</b><br>Test class: TestSimpleSet_NewEmptySet</td>
<td></td>
<td>0</td>
<td>TestSimpleSet_NewEmptySet@5dfcfece</td></tr>
<tr>
<td title='TestSimpleSet_Empty_addA_A.testSize()'><b>testSize</b><br>Test class: TestSimpleSet_Empty_addA_A</td>
<td></td>
<td>0</td>
<td>TestSimpleSet_Empty_addA_A@23ceabc1</td></tr>
<tr>
<td title='TestSimpleSet_A_removeA_Empty.testSize()'><b>testSize</b><br>Test class: TestSimpleSet_A_removeA_Empty</td>
<td></td>
<td>0</td>
<td>TestSimpleSet_A_removeA_Empty@5d5eef3d</td></tr>
<tr>
<td title='TestSimpleSet_A_addA_A.testSize()'><b>testSize</b><br>Test class: TestSimpleSet_A_addA_A</td>
<td></td>
<td>0</td>
<td>TestSimpleSet_A_addA_A@56f4468b</td></tr>
<tr>
<td title='TestSimpleSet_A_addB_AB.testSize()'><b>testSize</b><br>Test class: TestSimpleSet_A_addB_AB</td>
<td></td>
<td>0</td>
<td>TestSimpleSet_A_addB_AB@6cc4c815</td></tr>
<tr>
<td title='TestSimpleSet_AB_removeA_B.testSize()'><b>testSize</b><br>Test class: TestSimpleSet_AB_removeA_B</td>
<td></td>
<td>0</td>
<td>TestSimpleSet_AB_removeA_B@3a82f6ef</td></tr>
<tr>
<td title='TestSimpleSet_AB_removeB_A.testSize()'><b>testSize</b><br>Test class: TestSimpleSet_AB_removeB_A</td>
<td></td>
<td>0</td>
<td>TestSimpleSet_AB_removeB_A@100fc185</td></tr>
<tr>
<td title='TestSimpleSet_AB_addA_AB.testSize()'><b>testSize</b><br>Test class: TestSimpleSet_AB_addA_AB</td>
<td></td>
<td>0</td>
<td>TestSimpleSet_AB_addA_AB@643b1d11</td></tr>
<tr>
<td title='TestSimpleSet_AB_addB_AB.testSize()'><b>testSize</b><br>Test class: TestSimpleSet_AB_addB_AB</td>
<td></td>
<td>0</td>
<td>TestSimpleSet_AB_addB_AB@2ef5e5e3</td></tr>
<tr>
<td title='TestSimpleSet_AB_addC_ABC.testSize()'><b>testSize</b><br>Test class: TestSimpleSet_AB_addC_ABC</td>
<td></td>
<td>0</td>
<td>TestSimpleSet_AB_addC_ABC@36d4b5c</td></tr>
<tr>
<td title='TestSimpleSet_ABC_removeA_BC.testSize()'><b>testSize</b><br>Test class: TestSimpleSet_ABC_removeA_BC</td>
<td></td>
<td>0</td>
<td>TestSimpleSet_ABC_removeA_BC@6d00a15d</td></tr>
<tr>
<td title='TestSimpleSet_ABC_removeB_AC.testSize()'><b>testSize</b><br>Test class: TestSimpleSet_ABC_removeB_AC</td>
<td></td>
<td>0</td>
<td>TestSimpleSet_ABC_removeB_AC@51efea79</td></tr>
<tr>
<td title='TestSimpleSet_ABC_removeC_AB.testSize()'><b>testSize</b><br>Test class: TestSimpleSet_ABC_removeC_AB</td>
<td></td>
<td>0</td>
<td>TestSimpleSet_ABC_removeC_AB@5034c75a</td></tr>
<tr>
<td title='TestSimpleSet_ABC_addA_ABC.testSize()'><b>testSize</b><br>Test class: TestSimpleSet_ABC_addA_ABC</td>
<td></td>
<td>0</td>
<td>TestSimpleSet_ABC_addA_ABC@396a51ab</td></tr>
<tr>
<td title='TestSimpleSet_ABC_addB_ABC.testSize()'><b>testSize</b><br>Test class: TestSimpleSet_ABC_addB_ABC</td>
<td></td>
<td>0</td>
<td>TestSimpleSet_ABC_addB_ABC@51081592</td></tr>
<tr>
<td title='TestSimpleSet_ABC_addC_ABC.testSize()'><b>testSize</b><br>Test class: TestSimpleSet_ABC_addC_ABC</td>
<td></td>
<td>0</td>
<td>TestSimpleSet_ABC_addC_ABC@7f9a81e8</td></tr>
<tr>
<td title='TestSimpleSet_NewEmptySet.testToString()'><b>testToString</b><br>Test class: TestSimpleSet_NewEmptySet</td>
<td></td>
<td>0</td>
<td>TestSimpleSet_NewEmptySet@5dfcfece</td></tr>
<tr>
<td title='TestSimpleSet_Empty_addA_A.testToString()'><b>testToString</b><br>Test class: TestSimpleSet_Empty_addA_A</td>
<td></td>
<td>0</td>
<td>TestSimpleSet_Empty_addA_A@23ceabc1</td></tr>
<tr>
<td title='TestSimpleSet_A_removeA_Empty.testToString()'><b>testToString</b><br>Test class: TestSimpleSet_A_removeA_Empty</td>
<td></td>
<td>0</td>
<td>TestSimpleSet_A_removeA_Empty@5d5eef3d</td></tr>
<tr>
<td title='TestSimpleSet_A_addA_A.testToString()'><b>testToString</b><br>Test class: TestSimpleSet_A_addA_A</td>
<td></td>
<td>0</td>
<td>TestSimpleSet_A_addA_A@56f4468b</td></tr>
<tr>
<td title='TestSimpleSet_A_addB_AB.testToString()'><b>testToString</b><br>Test class: TestSimpleSet_A_addB_AB</td>
<td></td>
<td>0</td>
<td>TestSimpleSet_A_addB_AB@6cc4c815</td></tr>
<tr>
<td title='TestSimpleSet_AB_removeA_B.testToString()'><b>testToString</b><br>Test class: TestSimpleSet_AB_removeA_B</td>
<td></td>
<td>0</td>
<td>TestSimpleSet_AB_removeA_B@3a82f6ef</td></tr>
<tr>
<td title='TestSimpleSet_AB_removeB_A.testToString()'><b>testToString</b><br>Test class: TestSimpleSet_AB_removeB_A</td>
<td></td>
<td>0</td>
<td>TestSimpleSet_AB_removeB_A@100fc185</td></tr>
<tr>
<td title='TestSimpleSet_AB_addA_AB.testToString()'><b>testToString</b><br>Test class: TestSimpleSet_AB_addA_AB</td>
<td></td>
<td>0</td>
<td>TestSimpleSet_AB_addA_AB@643b1d11</td></tr>
<tr>
<td title='TestSimpleSet_AB_addB_AB.testToString()'><b>testToString</b><br>Test class: TestSimpleSet_AB_addB_AB</td>
<td></td>
<td>0</td>
<td>TestSimpleSet_AB_addB_AB@2ef5e5e3</td></tr>
<tr>
<td title='TestSimpleSet_AB_addC_ABC.testToString()'><b>testToString</b><br>Test class: TestSimpleSet_AB_addC_ABC</td>
<td></td>
<td>0</td>
<td>TestSimpleSet_AB_addC_ABC@36d4b5c</td></tr>
<tr>
<td title='TestSimpleSet_ABC_removeA_BC.testToString()'><b>testToString</b><br>Test class: TestSimpleSet_ABC_removeA_BC</td>
<td></td>
<td>0</td>
<td>TestSimpleSet_ABC_removeA_BC@6d00a15d</td></tr>
<tr>
<td title='TestSimpleSet_ABC_removeB_AC.testToString()'><b>testToString</b><br>Test class: TestSimpleSet_ABC_removeB_AC</td>
<td></td>
<td>0</td>
<td>TestSimpleSet_ABC_removeB_AC@51efea79</td></tr>
<tr>
<td title='TestSimpleSet_ABC_removeC_AB.testToString()'><b>testToString</b><br>Test class: TestSimpleSet_ABC_removeC_AB</td>
<td></td>
<td>0</td>
<td>TestSimpleSet_ABC_removeC_AB@5034c75a</td></tr>
<tr>
<td title='TestSimpleSet_ABC_addA_ABC.testToString()'><b>testToString</b><br>Test class: TestSimpleSet_ABC_addA_ABC</td>
<td></td>
<td>0</td>
<td>TestSimpleSet_ABC_addA_ABC@396a51ab</td></tr>
<tr>
<td title='TestSimpleSet_ABC_addB_ABC.testToString()'><b>testToString</b><br>Test class: TestSimpleSet_ABC_addB_ABC</td>
<td></td>
<td>0</td>
<td>TestSimpleSet_ABC_addB_ABC@51081592</td></tr>
<tr>
<td title='TestSimpleSet_ABC_addC_ABC.testToString()'><b>testToString</b><br>Test class: TestSimpleSet_ABC_addC_ABC</td>
<td></td>
<td>0</td>
<td>TestSimpleSet_ABC_addC_ABC@7f9a81e8</td></tr>
</table><p>
</body>
</html>